This is pdfTeX, Version 3.141592653-2.6-1.40.27 (TeX Live 2025/Termux) (preloaded format=pdflatex 2025.8.17)  1 NOV 2025 01:57
entering extended mode
 restricted \write18 enabled.
 %&-line parsing enabled.
**main.tex
(./main.tex
LaTeX2e <2025-06-01> patch level 1
L3 programming layer <2025-08-13>

(/data/data/com.termux/files/usr/share/texlive/2025/texmf-dist/tex/latex/ieeetr
an/IEEEtran.cls
Document Class: IEEEtran 2015/08/26 V1.8b by Michael Shell
-- See the "IEEEtran_HOWTO" manual for usage information.
-- http://www.michaelshell.org/tex/ieeetran/
\@IEEEtrantmpdimenA=\dimen148
\@IEEEtrantmpdimenB=\dimen149
\@IEEEtrantmpdimenC=\dimen150
\@IEEEtrantmpcountA=\count275
\@IEEEtrantmpcountB=\count276
\@IEEEtrantmpcountC=\count277
\@IEEEtrantmptoksA=\toks17
LaTeX Font Info:    Trying to load font information for OT1+ptm on input line 5
03.

(/data/data/com.termux/files/usr/share/texlive/2025/texmf-dist/tex/latex/psnfss
/ot1ptm.fd
File: ot1ptm.fd 2001/06/04 font definitions for OT1/ptm.
)
-- Using 8.5in x 11in (letter) paper.
-- Using PDF output.
\@IEEEnormalsizeunitybaselineskip=\dimen151
-- This is a 10 point document.
LaTeX Encoding Info:    Redeclaring text command \textunderscore (encoding ?) o
n input line 937.
\CLASSINFOnormalsizebaselineskip=\dimen152
\CLASSINFOnormalsizeunitybaselineskip=\dimen153
\IEEEnormaljot=\dimen154
LaTeX Font Info:    Font shape `OT1/ptm/bx/n' in size <5> not available
(Font)              Font shape `OT1/ptm/b/n' tried instead on input line 1090.
LaTeX Font Info:    Font shape `OT1/ptm/bx/it' in size <5> not available
(Font)              Font shape `OT1/ptm/b/it' tried instead on input line 1090.

LaTeX Font Info:    Font shape `OT1/ptm/bx/n' in size <7> not available
(Font)              Font shape `OT1/ptm/b/n' tried instead on input line 1090.
LaTeX Font Info:    Font shape `OT1/ptm/bx/it' in size <7> not available
(Font)              Font shape `OT1/ptm/b/it' tried instead on input line 1090.

LaTeX Font Info:    Font shape `OT1/ptm/bx/n' in size <8> not available
(Font)              Font shape `OT1/ptm/b/n' tried instead on input line 1090.
LaTeX Font Info:    Font shape `OT1/ptm/bx/it' in size <8> not available
(Font)              Font shape `OT1/ptm/b/it' tried instead on input line 1090.

LaTeX Font Info:    Font shape `OT1/ptm/bx/n' in size <9> not available
(Font)              Font shape `OT1/ptm/b/n' tried instead on input line 1090.
LaTeX Font Info:    Font shape `OT1/ptm/bx/it' in size <9> not available
(Font)              Font shape `OT1/ptm/b/it' tried instead on input line 1090.

LaTeX Font Info:    Font shape `OT1/ptm/bx/n' in size <10> not available
(Font)              Font shape `OT1/ptm/b/n' tried instead on input line 1090.
LaTeX Font Info:    Font shape `OT1/ptm/bx/it' in size <10> not available
(Font)              Font shape `OT1/ptm/b/it' tried instead on input line 1090.

LaTeX Font Info:    Font shape `OT1/ptm/bx/n' in size <11> not available
(Font)              Font shape `OT1/ptm/b/n' tried instead on input line 1090.
LaTeX Font Info:    Font shape `OT1/ptm/bx/it' in size <11> not available
(Font)              Font shape `OT1/ptm/b/it' tried instead on input line 1090.

LaTeX Font Info:    Font shape `OT1/ptm/bx/n' in size <12> not available
(Font)              Font shape `OT1/ptm/b/n' tried instead on input line 1090.
LaTeX Font Info:    Font shape `OT1/ptm/bx/it' in size <12> not available
(Font)              Font shape `OT1/ptm/b/it' tried instead on input line 1090.

LaTeX Font Info:    Font shape `OT1/ptm/bx/n' in size <17> not available
(Font)              Font shape `OT1/ptm/b/n' tried instead on input line 1090.
LaTeX Font Info:    Font shape `OT1/ptm/bx/it' in size <17> not available
(Font)              Font shape `OT1/ptm/b/it' tried instead on input line 1090.

LaTeX Font Info:    Font shape `OT1/ptm/bx/n' in size <20> not available
(Font)              Font shape `OT1/ptm/b/n' tried instead on input line 1090.
LaTeX Font Info:    Font shape `OT1/ptm/bx/it' in size <20> not available
(Font)              Font shape `OT1/ptm/b/it' tried instead on input line 1090.

LaTeX Font Info:    Font shape `OT1/ptm/bx/n' in size <24> not available
(Font)              Font shape `OT1/ptm/b/n' tried instead on input line 1090.
LaTeX Font Info:    Font shape `OT1/ptm/bx/it' in size <24> not available
(Font)              Font shape `OT1/ptm/b/it' tried instead on input line 1090.

\IEEEquantizedlength=\dimen155
\IEEEquantizedlengthdiff=\dimen156
\IEEEquantizedtextheightdiff=\dimen157
\IEEEilabelindentA=\dimen158
\IEEEilabelindentB=\dimen159
\IEEEilabelindent=\dimen160
\IEEEelabelindent=\dimen161
\IEEEdlabelindent=\dimen162
\IEEElabelindent=\dimen163
\IEEEiednormlabelsep=\dimen164
\IEEEiedmathlabelsep=\dimen165
\IEEEiedtopsep=\skip49
\c@section=\count278
\c@subsection=\count279
\c@subsubsection=\count280
\c@paragraph=\count281
\c@IEEEsubequation=\count282
\abovecaptionskip=\skip50
\belowcaptionskip=\skip51
\c@figure=\count283
\c@table=\count284
\@IEEEeqnnumcols=\count285
\@IEEEeqncolcnt=\count286
\@IEEEsubeqnnumrollback=\count287
\@IEEEquantizeheightA=\dimen166
\@IEEEquantizeheightB=\dimen167
\@IEEEquantizeheightC=\dimen168
\@IEEEquantizeprevdepth=\dimen169
\@IEEEquantizemultiple=\count288
\@IEEEquantizeboxA=\box53
\@IEEEtmpitemindent=\dimen170
\IEEEPARstartletwidth=\dimen171
\c@IEEEbiography=\count289
\@IEEEtranrubishbin=\box54
)
(/data/data/com.termux/files/usr/share/texlive/2025/texmf-dist/tex/latex/geomet
ry/geometry.sty
Package: geometry 2020/01/02 v5.9 Page Geometry

(/data/data/com.termux/files/usr/share/texlive/2025/texmf-dist/tex/latex/graphi
cs/keyval.sty
Package: keyval 2022/05/29 v1.15 key=value parser (DPC)
\KV@toks@=\toks18
)
(/data/data/com.termux/files/usr/share/texlive/2025/texmf-dist/tex/generic/ifte
x/ifvtex.sty
Package: ifvtex 2019/10/25 v1.7 ifvtex legacy package. Use iftex instead.

(/data/data/com.termux/files/usr/share/texlive/2025/texmf-dist/tex/generic/ifte
x/iftex.sty
Package: iftex 2024/12/12 v1.0g TeX engine tests
))
\Gm@cnth=\count290
\Gm@cntv=\count291
\c@Gm@tempcnt=\count292
\Gm@bindingoffset=\dimen172
\Gm@wd@mp=\dimen173
\Gm@odd@mp=\dimen174
\Gm@even@mp=\dimen175
\Gm@layoutwidth=\dimen176
\Gm@layoutheight=\dimen177
\Gm@layouthoffset=\dimen178
\Gm@layoutvoffset=\dimen179
\Gm@dimlist=\toks19
)
(/data/data/com.termux/files/usr/share/texlive/2025/texmf-dist/tex/latex/tfrupe
e/tfrupee.sty
Package: tfrupee 2010/12/15 LaTeX Support for the TechFat Rupee symbols by Tech
Fat (http://techfat.blogspot.com/2010/07/new-open-source-india-rupee-font.html)
. Adapted for use with TeX by Palle Jorgensen, hamselv(a)pallej.dk
)
(/data/data/com.termux/files/usr/share/texlive/2025/texmf-dist/tex/latex/csvsim
ple/csvsimple.sty
Package: csvsimple 2024/09/27 v2.7.0 LaTeX CSV file processing
)
(/data/data/com.termux/files/usr/share/texlive/2025/texmf-dist/tex/latex/csvsim
ple/csvsimple-legacy.sty
Package: csvsimple-legacy 2024/09/27 version 2.7.0 LaTeX2e CSV file processing

(/data/data/com.termux/files/usr/share/texlive/2025/texmf-dist/tex/latex/pgf/ut
ilities/pgfrcs.sty
(/data/data/com.termux/files/usr/share/texlive/2025/texmf-dist/tex/generic/pgf/
utilities/pgfutil-common.tex
\pgfutil@everybye=\toks20
\pgfutil@tempdima=\dimen180
\pgfutil@tempdimb=\dimen181
)
(/data/data/com.termux/files/usr/share/texlive/2025/texmf-dist/tex/generic/pgf/
utilities/pgfutil-latex.def
\pgfutil@abb=\box55
)
(/data/data/com.termux/files/usr/share/texlive/2025/texmf-dist/tex/generic/pgf/
utilities/pgfrcs.code.tex
(/data/data/com.termux/files/usr/share/texlive/2025/texmf-dist/tex/generic/pgf/
pgf.revision.tex)
Package: pgfrcs 2025-08-14 v3.1.11 (3.1.11)
))
(/data/data/com.termux/files/usr/share/texlive/2025/texmf-dist/tex/latex/pgf/ut
ilities/pgfkeys.sty
(/data/data/com.termux/files/usr/share/texlive/2025/texmf-dist/tex/generic/pgf/
utilities/pgfkeys.code.tex
\pgfkeys@pathtoks=\toks21
\pgfkeys@temptoks=\toks22

(/data/data/com.termux/files/usr/share/texlive/2025/texmf-dist/tex/generic/pgf/
utilities/pgfkeyslibraryfiltered.code.tex
\pgfkeys@tmptoks=\toks23
)))
(/data/data/com.termux/files/usr/share/texlive/2025/texmf-dist/tex/latex/base/i
fthen.sty
Package: ifthen 2024/03/16 v1.1e Standard LaTeX ifthen package (DPC)
)
(/data/data/com.termux/files/usr/share/texlive/2025/texmf-dist/tex/latex/etoolb
ox/etoolbox.sty
Package: etoolbox 2025/02/11 v2.5l e-TeX tools for LaTeX (JAW)
\etb@tempcnta=\count293
)
(/data/data/com.termux/files/usr/share/texlive/2025/texmf-dist/tex/latex/tools/
shellesc.sty
Package: shellesc 2023/07/08 v1.0d unified shell escape interface for LaTeX
Package shellesc Info: Restricted shell escape enabled on input line 77.
)
\csv@file=\read2
\c@csvinputline=\count294
\c@csvrow=\count295
\c@csvcol=\count296
\csv@out=\write3
)
(/data/data/com.termux/files/usr/share/texlive/2025/texmf-dist/tex/latex/base/i
nputenc.sty
Package: inputenc 2024/02/08 v1.3d Input encoding file
\inpenc@prehook=\toks24
\inpenc@posthook=\toks25
)
(/data/data/com.termux/files/usr/share/texlive/2025/texmf-dist/tex/latex/float/
float.sty
Package: float 2001/11/08 v1.3d Float enhancements (AL)
\c@float@type=\count297
\float@exts=\toks26
\float@box=\box56
\@float@everytoks=\toks27
\@floatcapt=\box57
)
(/data/data/com.termux/files/usr/share/texlive/2025/texmf-dist/tex/latex/placei
ns/placeins.sty
Package: placeins 2005/04/18  v 2.2
)
(/data/data/com.termux/files/usr/share/texlive/2025/texmf-dist/tex/latex/bookta
bs/booktabs.sty
Package: booktabs 2020/01/12 v1.61803398 Publication quality tables
\heavyrulewidth=\dimen182
\lightrulewidth=\dimen183
\cmidrulewidth=\dimen184
\belowrulesep=\dimen185
\belowbottomsep=\dimen186
\aboverulesep=\dimen187
\abovetopsep=\dimen188
\cmidrulesep=\dimen189
\cmidrulekern=\dimen190
\defaultaddspace=\dimen191
\@cmidla=\count298
\@cmidlb=\count299
\@aboverulesep=\dimen192
\@belowrulesep=\dimen193
\@thisruleclass=\count300
\@lastruleclass=\count301
\@thisrulewidth=\dimen194
)
(/data/data/com.termux/files/usr/share/texlive/2025/texmf-dist/tex/latex/amsmat
h/amsmath.sty
Package: amsmath 2025/06/16 v2.17y AMS math features
\@mathmargin=\skip52

For additional information on amsmath, use the `?' option.

(/data/data/com.termux/files/usr/share/texlive/2025/texmf-dist/tex/latex/amsmat
h/amstext.sty
Package: amstext 2024/11/17 v2.01 AMS text

(/data/data/com.termux/files/usr/share/texlive/2025/texmf-dist/tex/latex/amsmat
h/amsgen.sty
File: amsgen.sty 1999/11/30 v2.0 generic functions
\@emptytoks=\toks28
\ex@=\dimen195
))
(/data/data/com.termux/files/usr/share/texlive/2025/texmf-dist/tex/latex/amsmat
h/amsbsy.sty
Package: amsbsy 1999/11/29 v1.2d Bold Symbols
\pmbraise@=\dimen196
)
(/data/data/com.termux/files/usr/share/texlive/2025/texmf-dist/tex/latex/amsmat
h/amsopn.sty
Package: amsopn 2022/04/08 v2.04 operator names
)
\inf@bad=\count302
LaTeX Info: Redefining \frac on input line 233.
\uproot@=\count303
\leftroot@=\count304
LaTeX Info: Redefining \overline on input line 398.
LaTeX Info: Redefining \colon on input line 409.
\classnum@=\count305
\DOTSCASE@=\count306
LaTeX Info: Redefining \ldots on input line 495.
LaTeX Info: Redefining \dots on input line 498.
LaTeX Info: Redefining \cdots on input line 619.
\Mathstrutbox@=\box58
\strutbox@=\box59
LaTeX Info: Redefining \big on input line 721.
LaTeX Info: Redefining \Big on input line 722.
LaTeX Info: Redefining \bigg on input line 723.
LaTeX Info: Redefining \Bigg on input line 724.
\big@size=\dimen197
LaTeX Font Info:    Redeclaring font encoding OML on input line 742.
LaTeX Font Info:    Redeclaring font encoding OMS on input line 743.
\macc@depth=\count307
LaTeX Info: Redefining \bmod on input line 904.
LaTeX Info: Redefining \pmod on input line 909.
LaTeX Info: Redefining \smash on input line 939.
LaTeX Info: Redefining \relbar on input line 969.
LaTeX Info: Redefining \Relbar on input line 970.
\c@MaxMatrixCols=\count308
\dotsspace@=\muskip17
\c@parentequation=\count309
\dspbrk@lvl=\count310
\tag@help=\toks29
\row@=\count311
\column@=\count312
\maxfields@=\count313
\andhelp@=\toks30
\eqnshift@=\dimen198
\alignsep@=\dimen199
\tagshift@=\dimen256
\tagwidth@=\dimen257
\totwidth@=\dimen258
\lineht@=\dimen259
\@envbody=\toks31
\multlinegap=\skip53
\multlinetaggap=\skip54
\mathdisplay@stack=\toks32
LaTeX Info: Redefining \[ on input line 2949.
LaTeX Info: Redefining \] on input line 2950.
)
(/data/data/com.termux/files/usr/share/texlive/2025/texmf-dist/tex/latex/siunit
x/siunitx.sty
Package: siunitx 2025-07-09 v3.4.14 A comprehensive (SI) units package
\l__siunitx_number_uncert_offset_int=\count314
\l__siunitx_number_exponent_fixed_int=\count315
\l__siunitx_number_min_decimal_int=\count316
\l__siunitx_number_min_integer_int=\count317
\l__siunitx_number_round_precision_int=\count318
\l__siunitx_number_lower_threshold_int=\count319
\l__siunitx_number_upper_threshold_int=\count320
\l__siunitx_number_group_first_int=\count321
\l__siunitx_number_group_size_int=\count322
\l__siunitx_number_group_minimum_int=\count323
\l__siunitx_angle_tmp_dim=\dimen260
\l__siunitx_angle_marker_box=\box60
\l__siunitx_angle_unit_box=\box61
\l__siunitx_compound_count_int=\count324

(/data/data/com.termux/files/usr/share/texlive/2025/texmf-dist/tex/latex/transl
ations/translations.sty
Package: translations 2022/02/05 v1.12 internationalization of LaTeX2e packages
 (CN)

(/data/data/com.termux/files/usr/share/texlive/2025/texmf-dist/tex/generic/pdft
excmds/pdftexcmds.sty
Package: pdftexcmds 2020-06-27 v0.33 Utility functions of pdfTeX for LuaTeX (HO
)

(/data/data/com.termux/files/usr/share/texlive/2025/texmf-dist/tex/generic/infw
arerr/infwarerr.sty
Package: infwarerr 2019/12/03 v1.5 Providing info/warning/error messages (HO)
)
(/data/data/com.termux/files/usr/share/texlive/2025/texmf-dist/tex/generic/ltxc
mds/ltxcmds.sty
Package: ltxcmds 2023-12-04 v1.26 LaTeX kernel commands for general use (HO)
)
Package pdftexcmds Info: \pdf@primitive is available.
Package pdftexcmds Info: \pdf@ifprimitive is available.
Package pdftexcmds Info: \pdfdraftmode found.
))
\l__siunitx_table_tmp_box=\box62
\l__siunitx_table_tmp_dim=\dimen261
\l__siunitx_table_column_width_dim=\dimen262
\l__siunitx_table_integer_box=\box63
\l__siunitx_table_decimal_box=\box64
\l__siunitx_table_uncert_box=\box65
\l__siunitx_table_before_box=\box66
\l__siunitx_table_after_box=\box67
\l__siunitx_table_before_dim=\dimen263
\l__siunitx_table_carry_dim=\dimen264
\l__siunitx_unit_tmp_int=\count325
\l__siunitx_unit_position_int=\count326
\l__siunitx_unit_total_int=\count327

(/data/data/com.termux/files/usr/share/texlive/2025/texmf-dist/tex/latex/tools/
array.sty
Package: array 2025/06/08 v2.6j Tabular extension package (FMi)
\col@sep=\dimen265
\ar@mcellbox=\box68
\extrarowheight=\dimen266
\NC@list=\toks33
\extratabsurround=\skip55
\backup@length=\skip56
\ar@cellbox=\box69
))
(/data/data/com.termux/files/usr/share/texlive/2025/texmf-dist/tex/latex/enumit
em/enumitem.sty
Package: enumitem 2025/02/06 v3.11 Customized lists
\labelindent=\skip57
\enit@outerparindent=\dimen267
\enit@toks=\toks34
\enit@inbox=\box70
\enit@count@id=\count328
\enitdp@description=\count329
) (./gvv-book.sty
(/data/data/com.termux/files/usr/share/texlive/2025/texmf-dist/tex/latex/setspa
ce/setspace.sty
Package: setspace 2022/12/04 v6.7b set line spacing
)
(/data/data/com.termux/files/usr/share/texlive/2025/texmf-dist/tex/latex/gensym
b/gensymb.sty
Package: gensymb 2022/10/17 v1.0.2 (KJH)
)

! LaTeX Error: Option clash for package amsmath.

See the LaTeX manual or LaTeX Companion for explanation.
Type  H <return>  for immediate help.
 ...                                              
                                                  
l.10 \usepackage
                {siunitx}
? g
Type <return> to proceed, S to scroll future error messages,
R to run without stopping, Q to run quietly,
I to insert something, E to edit your file,
1 or ... or 9 to ignore the next 1 to 9 tokens of input,
H for help, X to quit.
? R
OK, entering \nonstopmode...

(/data/data/com.termux/files/usr/share/texlive/2025/texmf-dist/tex/latex/amscls
/amsthm.sty
Package: amsthm 2020/05/29 v2.20.6
\thm@style=\toks35
\thm@bodyfont=\toks36
\thm@headfont=\toks37
\thm@notefont=\toks38
\thm@headpunct=\toks39
\thm@preskip=\skip58
\thm@postskip=\skip59
\thm@headsep=\skip60
\dth@everypar=\toks40
)
(/data/data/com.termux/files/usr/share/texlive/2025/texmf-dist/tex/latex/jknapl
tx/mathrsfs.sty
Package: mathrsfs 1996/01/01 Math RSFS package v1.0 (jk)
\symrsfs=\mathgroup4
)
(/data/data/com.termux/files/usr/share/texlive/2025/texmf-dist/tex/latex/txfont
s/txfonts.sty
Package: txfonts 2008/01/22 v3.2.1
LaTeX Font Info:    Redeclaring symbol font `operators' on input line 21.
LaTeX Font Info:    Overwriting symbol font `operators' in version `normal'
(Font)                  OT1/cmr/m/n --> OT1/txr/m/n on input line 21.
LaTeX Font Info:    Overwriting symbol font `operators' in version `bold'
(Font)                  OT1/cmr/bx/n --> OT1/txr/m/n on input line 21.
LaTeX Font Info:    Overwriting symbol font `operators' in version `bold'
(Font)                  OT1/txr/m/n --> OT1/txr/bx/n on input line 22.
\symitalic=\mathgroup5
LaTeX Font Info:    Overwriting symbol font `italic' in version `bold'
(Font)                  OT1/txr/m/it --> OT1/txr/bx/it on input line 26.
LaTeX Font Info:    Redeclaring math alphabet \mathbf on input line 29.
LaTeX Font Info:    Overwriting math alphabet `\mathbf' in version `normal'
(Font)                  OT1/cmr/bx/n --> OT1/txr/bx/n on input line 29.
LaTeX Font Info:    Overwriting math alphabet `\mathbf' in version `bold'
(Font)                  OT1/cmr/bx/n --> OT1/txr/bx/n on input line 29.
LaTeX Font Info:    Redeclaring math alphabet \mathit on input line 30.
LaTeX Font Info:    Overwriting math alphabet `\mathit' in version `normal'
(Font)                  OT1/cmr/m/it --> OT1/txr/m/it on input line 30.
LaTeX Font Info:    Overwriting math alphabet `\mathit' in version `bold'
(Font)                  OT1/cmr/bx/it --> OT1/txr/m/it on input line 30.
LaTeX Font Info:    Overwriting math alphabet `\mathit' in version `bold'
(Font)                  OT1/txr/m/it --> OT1/txr/bx/it on input line 31.
LaTeX Font Info:    Redeclaring math alphabet \mathsf on input line 40.
LaTeX Font Info:    Overwriting math alphabet `\mathsf' in version `normal'
(Font)                  OT1/cmss/m/n --> OT1/txss/m/n on input line 40.
LaTeX Font Info:    Overwriting math alphabet `\mathsf' in version `bold'
(Font)                  OT1/cmss/bx/n --> OT1/txss/m/n on input line 40.
LaTeX Font Info:    Overwriting math alphabet `\mathsf' in version `bold'
(Font)                  OT1/txss/m/n --> OT1/txss/b/n on input line 41.
LaTeX Font Info:    Redeclaring math alphabet \mathtt on input line 50.
LaTeX Font Info:    Overwriting math alphabet `\mathtt' in version `normal'
(Font)                  OT1/cmtt/m/n --> OT1/txtt/m/n on input line 50.
LaTeX Font Info:    Overwriting math alphabet `\mathtt' in version `bold'
(Font)                  OT1/cmtt/m/n --> OT1/txtt/m/n on input line 50.
LaTeX Font Info:    Overwriting math alphabet `\mathtt' in version `bold'
(Font)                  OT1/txtt/m/n --> OT1/txtt/b/n on input line 51.
LaTeX Font Info:    Redeclaring symbol font `letters' on input line 58.
LaTeX Font Info:    Overwriting symbol font `letters' in version `normal'
(Font)                  OML/cmm/m/it --> OML/txmi/m/it on input line 58.
LaTeX Font Info:    Overwriting symbol font `letters' in version `bold'
(Font)                  OML/cmm/b/it --> OML/txmi/m/it on input line 58.
LaTeX Font Info:    Overwriting symbol font `letters' in version `bold'
(Font)                  OML/txmi/m/it --> OML/txmi/bx/it on input line 59.
\symlettersA=\mathgroup6
LaTeX Font Info:    Overwriting symbol font `lettersA' in version `bold'
(Font)                  U/txmia/m/it --> U/txmia/bx/it on input line 67.
LaTeX Font Info:    Redeclaring symbol font `symbols' on input line 77.
LaTeX Font Info:    Overwriting symbol font `symbols' in version `normal'
(Font)                  OMS/cmsy/m/n --> OMS/txsy/m/n on input line 77.
LaTeX Font Info:    Overwriting symbol font `symbols' in version `bold'
(Font)                  OMS/cmsy/b/n --> OMS/txsy/m/n on input line 77.
LaTeX Font Info:    Overwriting symbol font `symbols' in version `bold'
(Font)                  OMS/txsy/m/n --> OMS/txsy/bx/n on input line 78.
\symAMSa=\mathgroup7
LaTeX Font Info:    Overwriting symbol font `AMSa' in version `bold'
(Font)                  U/txsya/m/n --> U/txsya/bx/n on input line 94.
\symAMSb=\mathgroup8
LaTeX Font Info:    Overwriting symbol font `AMSb' in version `bold'
(Font)                  U/txsyb/m/n --> U/txsyb/bx/n on input line 103.
\symsymbolsC=\mathgroup9
LaTeX Font Info:    Overwriting symbol font `symbolsC' in version `bold'
(Font)                  U/txsyc/m/n --> U/txsyc/bx/n on input line 113.
LaTeX Font Info:    Redeclaring symbol font `largesymbols' on input line 120.
LaTeX Font Info:    Overwriting symbol font `largesymbols' in version `normal'
(Font)                  OMX/cmex/m/n --> OMX/txex/m/n on input line 120.
LaTeX Font Info:    Overwriting symbol font `largesymbols' in version `bold'
(Font)                  OMX/cmex/m/n --> OMX/txex/m/n on input line 120.
LaTeX Font Info:    Overwriting symbol font `largesymbols' in version `bold'
(Font)                  OMX/txex/m/n --> OMX/txex/bx/n on input line 121.
\symlargesymbolsA=\mathgroup10
LaTeX Font Info:    Overwriting symbol font `largesymbolsA' in version `bold'
(Font)                  U/txexa/m/n --> U/txexa/bx/n on input line 129.
LaTeX Encoding Info:    Redeclaring text symbol \L (encoding OT1) on input line
 160.
LaTeX Encoding Info:    Redeclaring text symbol \l (encoding OT1) on input line
 161.
LaTeX Font Info:    Redeclaring math symbol \mathsterling on input line 164.
LaTeX Font Info:    Redeclaring math symbol \hbar on input line 591.
LaTeX Info: Redefining \not on input line 1043.
LaTeX Info: Redefining \textsquare on input line 1063.
LaTeX Info: Redefining \openbox on input line 1064.
)
(/data/data/com.termux/files/usr/share/texlive/2025/texmf-dist/tex/latex/sttool
s/stfloats.sty
Package: stfloats 2025/06/18 v3.4 Improve float mechanism and baselineskip sett
ings
\@dblbotnum=\count330
\c@dblbotnumber=\count331
)
(/data/data/com.termux/files/usr/share/texlive/2025/texmf-dist/tex/latex/steinm
etz/steinmetz.sty
Package: steinmetz 2009/06/14 v1.0 Steinmetz symbol for electrotechnics

(/data/data/com.termux/files/usr/share/texlive/2025/texmf-dist/tex/latex/pict2e
/pict2e.sty
Package: pict2e 2020/09/30 v0.4b Improved picture commands (HjG,RN,JT)

(/data/data/com.termux/files/usr/share/texlive/2025/texmf-dist/tex/latex/pict2e
/pict2e.cfg
File: pict2e.cfg 2016/02/05 v0.1u pict2e configuration for teTeX/TeXLive
)
Package pict2e Info: Driver file: pdftex.def on input line 112.

(/data/data/com.termux/files/usr/share/texlive/2025/texmf-dist/tex/latex/graphi
cs-def/pdftex.def
File: pdftex.def 2024/04/13 v1.2c Graphics/color driver for pdftex
)
Package pict2e Info: Driver file for pict2e: p2e-pdftex.def on input line 114.

(/data/data/com.termux/files/usr/share/texlive/2025/texmf-dist/tex/latex/pict2e
/p2e-pdftex.def
File: p2e-pdftex.def 2016/02/05 v0.1u Driver-dependant file (RN,HjG,JT)
)
(/data/data/com.termux/files/usr/share/texlive/2025/texmf-dist/tex/latex/graphi
cs/trig.sty
Package: trig 2023/12/02 v1.11 sin cos tan (DPC)
)
\pIIe@GRAPH=\toks41
\@arclen=\dimen268
\@arcrad=\dimen269
\pIIe@tempdima=\dimen270
\pIIe@tempdimb=\dimen271
\pIIe@tempdimc=\dimen272
\pIIe@tempdimd=\dimen273
\pIIe@tempdime=\dimen274
\pIIe@tempdimf=\dimen275
)
\stm@phasebox=\box71
\stm@phasedp=\skip61
\stm@phaseht=\skip62
\stm@phasetot=\skip63
\stm@phasewd=\skip64
)
(/data/data/com.termux/files/usr/share/texlive/2025/texmf-dist/tex/latex/tools/
bm.sty
Package: bm 2023/12/19 v1.2f Bold Symbol Support (DPC/FMi)
\symboldoperators=\mathgroup11
\symboldletters=\mathgroup12
\symboldsymbols=\mathgroup13
\symboldlargesymbols=\mathgroup14
Package bm Info: No bold for \U/rsfs/m/n, using \pmb.
LaTeX Font Info:    Redeclaring math alphabet \mathbf on input line 149.
)
(/data/data/com.termux/files/usr/share/texlive/2025/texmf-dist/tex/latex/cite/c
ite.sty
LaTeX Info: Redefining \cite on input line 302.
LaTeX Info: Redefining \nocite on input line 332.
Package: cite 2015/02/27  v 5.5
)
(/data/data/com.termux/files/usr/share/texlive/2025/texmf-dist/tex/latex/cases/
cases.sty
Package: cases 2020/03/29 ver 3.2
\numc@numwid=\dimen276
)
(/data/data/com.termux/files/usr/share/texlive/2025/texmf-dist/tex/latex/subfig
/subfig.sty
Package: subfig 2005/06/28 ver: 1.3 subfig package

(/data/data/com.termux/files/usr/share/texlive/2025/texmf-dist/tex/latex/captio
n/caption.sty
Package: caption 2023/08/05 v3.6o Customizing captions (AR)

(/data/data/com.termux/files/usr/share/texlive/2025/texmf-dist/tex/latex/captio
n/caption3.sty
Package: caption3 2023/07/31 v2.4d caption3 kernel (AR)
\caption@tempdima=\dimen277
\captionmargin=\dimen278
\caption@leftmargin=\dimen279
\caption@rightmargin=\dimen280
\caption@width=\dimen281
\caption@indent=\dimen282
\caption@parindent=\dimen283
\caption@hangindent=\dimen284
Package caption Info: Unknown document class (or package),
(caption)             standard defaults will be used.
Package caption Info: \@makecaption = \long macro:#1#2->\ifx \@captype \@IEEEta
blestring \footnotesize \bgroup \par \centering \@IEEEtabletopskipstrut {\norma
lfont \footnotesize #1}\\{\normalfont \footnotesize \scshape #2}\par \addvspace
 {0.5\baselineskip }\egroup \@IEEEtablecaptionsepspace \else \@IEEEfigurecaptio
nsepspace \setbox \@tempboxa \hbox {\normalfont \footnotesize {#1.}\nobreakspac
e \nobreakspace #2}\ifdim \wd \@tempboxa >\hsize \setbox \@tempboxa \hbox {\nor
malfont \footnotesize {#1.}\nobreakspace \nobreakspace }\parbox [t]{\hsize }{\n
ormalfont \footnotesize \noindent \unhbox \@tempboxa #2}\else \ifCLASSOPTIONcon
ference \hbox to\hsize {\normalfont \footnotesize \hfil \box \@tempboxa \hfil }
\else \hbox to\hsize {\normalfont \footnotesize \box \@tempboxa \hfil }\fi \fi 
\fi  on input line 1175.
)

Package caption Warning: Unknown document class (or package),
(caption)                standard defaults will be used.
See the caption package documentation for explanation.

\c@caption@flags=\count332
\c@continuedfloat=\count333
Package caption Info: float package is loaded.
)
\c@KVtest=\count334
\sf@farskip=\skip65
\sf@captopadj=\dimen285
\sf@capskip=\skip66
\sf@nearskip=\skip67
\c@subfigure=\count335
\c@subfigure@save=\count336
\c@lofdepth=\count337
\c@subtable=\count338
\c@subtable@save=\count339
\c@lotdepth=\count340
\sf@top=\skip68
\sf@bottom=\skip69
)
(/data/data/com.termux/files/usr/share/texlive/2025/texmf-dist/tex/latex/tools/
longtable.sty
Package: longtable 2024-12-18 v4.23 Multi-page Table package (DPC)
\LTleft=\skip70
\LTright=\skip71
\LTpre=\skip72
\LTpost=\skip73
\LTchunksize=\count341
\LTcapwidth=\dimen286
\LT@head=\box72
\LT@firsthead=\box73
\LT@foot=\box74
\LT@lastfoot=\box75
\LT@gbox=\box76
\LT@cols=\count342
\LT@rows=\count343
\c@LT@tables=\count344
\c@LT@chunks=\count345
\LT@p@ftn=\toks42
)
(/data/data/com.termux/files/usr/share/texlive/2025/texmf-dist/tex/latex/tools/
tabularx.sty
Package: tabularx 2023/12/11 v2.12a `tabularx' package (DPC)
\TX@col@width=\dimen287
\TX@old@table=\dimen288
\TX@old@col=\dimen289
\TX@target=\dimen290
\TX@delta=\dimen291
\TX@cols=\count346
\TX@ftn=\toks43
)
(/data/data/com.termux/files/usr/share/texlive/2025/texmf-dist/tex/latex/multir
ow/multirow.sty
Package: multirow 2024/11/12 v2.9 Span multiple rows of a table
\multirow@colwidth=\skip74
\multirow@cntb=\count347
\multirow@dima=\skip75
\bigstrutjot=\dimen292
)
(/data/data/com.termux/files/usr/share/texlive/2025/texmf-dist/tex/latex/mathto
ols/mathtools.sty
Package: mathtools 2024/10/04 v1.31 mathematical typesetting tools

(/data/data/com.termux/files/usr/share/texlive/2025/texmf-dist/tex/latex/tools/
calc.sty
Package: calc 2025/03/01 v4.3b Infix arithmetic (KKT,FJ)
\calc@Acount=\count348
\calc@Bcount=\count349
\calc@Adimen=\dimen293
\calc@Bdimen=\dimen294
\calc@Askip=\skip76
\calc@Bskip=\skip77
LaTeX Info: Redefining \setlength on input line 86.
LaTeX Info: Redefining \addtolength on input line 87.
\calc@Ccount=\count350
\calc@Cskip=\skip78
)
(/data/data/com.termux/files/usr/share/texlive/2025/texmf-dist/tex/latex/mathto
ols/mhsetup.sty
Package: mhsetup 2021/03/18 v1.4 programming setup (MH)
)
\g_MT_multlinerow_int=\count351
\l_MT_multwidth_dim=\dimen295
\origjot=\skip79
\l_MT_shortvdotswithinadjustabove_dim=\dimen296
\l_MT_shortvdotswithinadjustbelow_dim=\dimen297
\l_MT_above_intertext_sep=\dimen298
\l_MT_below_intertext_sep=\dimen299
\l_MT_above_shortintertext_sep=\dimen300
\l_MT_below_shortintertext_sep=\dimen301
\xmathstrut@box=\box77
\xmathstrut@dim=\dimen302
)
(/data/data/com.termux/files/usr/share/texlive/2025/texmf-dist/tex/latex/pgf/fr
ontendlayer/tikz.sty
(/data/data/com.termux/files/usr/share/texlive/2025/texmf-dist/tex/latex/pgf/ba
siclayer/pgf.sty
Package: pgf 2025-08-14 v3.1.11 (3.1.11)

(/data/data/com.termux/files/usr/share/texlive/2025/texmf-dist/tex/latex/pgf/ba
siclayer/pgfcore.sty
(/data/data/com.termux/files/usr/share/texlive/2025/texmf-dist/tex/latex/graphi
cs/graphicx.sty
Package: graphicx 2024/12/31 v1.2e Enhanced LaTeX Graphics (DPC,SPQR)

(/data/data/com.termux/files/usr/share/texlive/2025/texmf-dist/tex/latex/graphi
cs/graphics.sty
Package: graphics 2024/08/06 v1.4g Standard LaTeX Graphics (DPC,SPQR)

(/data/data/com.termux/files/usr/share/texlive/2025/texmf-dist/tex/latex/graphi
cs-cfg/graphics.cfg
File: graphics.cfg 2016/06/04 v1.11 sample graphics configuration
)
Package graphics Info: Driver file: pdftex.def on input line 106.
)
\Gin@req@height=\dimen303
\Gin@req@width=\dimen304
)
(/data/data/com.termux/files/usr/share/texlive/2025/texmf-dist/tex/latex/pgf/sy
stemlayer/pgfsys.sty
(/data/data/com.termux/files/usr/share/texlive/2025/texmf-dist/tex/generic/pgf/
systemlayer/pgfsys.code.tex
Package: pgfsys 2025-08-14 v3.1.11 (3.1.11)
\pgf@x=\dimen305
\pgf@y=\dimen306
\pgf@xa=\dimen307
\pgf@ya=\dimen308
\pgf@xb=\dimen309
\pgf@yb=\dimen310
\pgf@xc=\dimen311
\pgf@yc=\dimen312
\pgf@xd=\dimen313
\pgf@yd=\dimen314
\w@pgf@writea=\write4
\r@pgf@reada=\read3
\c@pgf@counta=\count352
\c@pgf@countb=\count353
\c@pgf@countc=\count354
\c@pgf@countd=\count355
\t@pgf@toka=\toks44
\t@pgf@tokb=\toks45
\t@pgf@tokc=\toks46
\pgf@sys@id@count=\count356

(/data/data/com.termux/files/usr/share/texlive/2025/texmf-dist/tex/generic/pgf/
systemlayer/pgf.cfg
File: pgf.cfg 2025-08-14 v3.1.11 (3.1.11)
)
Driver file for pgf: pgfsys-pdftex.def

(/data/data/com.termux/files/usr/share/texlive/2025/texmf-dist/tex/generic/pgf/
systemlayer/pgfsys-pdftex.def
File: pgfsys-pdftex.def 2025-08-14 v3.1.11 (3.1.11)

(/data/data/com.termux/files/usr/share/texlive/2025/texmf-dist/tex/generic/pgf/
systemlayer/pgfsys-common-pdf.def
File: pgfsys-common-pdf.def 2025-08-14 v3.1.11 (3.1.11)
)))
(/data/data/com.termux/files/usr/share/texlive/2025/texmf-dist/tex/generic/pgf/
systemlayer/pgfsyssoftpath.code.tex
File: pgfsyssoftpath.code.tex 2025-08-14 v3.1.11 (3.1.11)
\pgfsyssoftpath@smallbuffer@items=\count357
\pgfsyssoftpath@bigbuffer@items=\count358
)
(/data/data/com.termux/files/usr/share/texlive/2025/texmf-dist/tex/generic/pgf/
systemlayer/pgfsysprotocol.code.tex
File: pgfsysprotocol.code.tex 2025-08-14 v3.1.11 (3.1.11)
))
(/data/data/com.termux/files/usr/share/texlive/2025/texmf-dist/tex/latex/xcolor
/xcolor.sty
Package: xcolor 2024/09/29 v3.02 LaTeX color extensions (UK)

(/data/data/com.termux/files/usr/share/texlive/2025/texmf-dist/tex/latex/graphi
cs-cfg/color.cfg
File: color.cfg 2016/01/02 v1.6 sample color configuration
)
Package xcolor Info: Driver file: pdftex.def on input line 274.

(/data/data/com.termux/files/usr/share/texlive/2025/texmf-dist/tex/latex/graphi
cs/mathcolor.ltx)
Package xcolor Info: Model `cmy' substituted by `cmy0' on input line 1349.
Package xcolor Info: Model `hsb' substituted by `rgb' on input line 1353.
Package xcolor Info: Model `RGB' extended on input line 1365.
Package xcolor Info: Model `HTML' substituted by `rgb' on input line 1367.
Package xcolor Info: Model `Hsb' substituted by `hsb' on input line 1368.
Package xcolor Info: Model `tHsb' substituted by `hsb' on input line 1369.
Package xcolor Info: Model `HSB' substituted by `hsb' on input line 1370.
Package xcolor Info: Model `Gray' substituted by `gray' on input line 1371.
Package xcolor Info: Model `wave' substituted by `hsb' on input line 1372.
)
(/data/data/com.termux/files/usr/share/texlive/2025/texmf-dist/tex/generic/pgf/
basiclayer/pgfcore.code.tex
Package: pgfcore 2025-08-14 v3.1.11 (3.1.11)

(/data/data/com.termux/files/usr/share/texlive/2025/texmf-dist/tex/generic/pgf/
math/pgfmath.code.tex
(/data/data/com.termux/files/usr/share/texlive/2025/texmf-dist/tex/generic/pgf/
math/pgfmathutil.code.tex)
(/data/data/com.termux/files/usr/share/texlive/2025/texmf-dist/tex/generic/pgf/
math/pgfmathparser.code.tex
\pgfmath@dimen=\dimen315
\pgfmath@count=\count359
\pgfmath@box=\box78
\pgfmath@toks=\toks47
\pgfmath@stack@operand=\toks48
\pgfmath@stack@operation=\toks49
)
(/data/data/com.termux/files/usr/share/texlive/2025/texmf-dist/tex/generic/pgf/
math/pgfmathfunctions.code.tex)
(/data/data/com.termux/files/usr/share/texlive/2025/texmf-dist/tex/generic/pgf/
math/pgfmathfunctions.basic.code.tex)
(/data/data/com.termux/files/usr/share/texlive/2025/texmf-dist/tex/generic/pgf/
math/pgfmathfunctions.trigonometric.code.tex)
(/data/data/com.termux/files/usr/share/texlive/2025/texmf-dist/tex/generic/pgf/
math/pgfmathfunctions.random.code.tex)
(/data/data/com.termux/files/usr/share/texlive/2025/texmf-dist/tex/generic/pgf/
math/pgfmathfunctions.comparison.code.tex)
(/data/data/com.termux/files/usr/share/texlive/2025/texmf-dist/tex/generic/pgf/
math/pgfmathfunctions.base.code.tex)
(/data/data/com.termux/files/usr/share/texlive/2025/texmf-dist/tex/generic/pgf/
math/pgfmathfunctions.round.code.tex)
(/data/data/com.termux/files/usr/share/texlive/2025/texmf-dist/tex/generic/pgf/
math/pgfmathfunctions.misc.code.tex)
(/data/data/com.termux/files/usr/share/texlive/2025/texmf-dist/tex/generic/pgf/
math/pgfmathfunctions.integerarithmetics.code.tex)
(/data/data/com.termux/files/usr/share/texlive/2025/texmf-dist/tex/generic/pgf/
math/pgfmathcalc.code.tex)
(/data/data/com.termux/files/usr/share/texlive/2025/texmf-dist/tex/generic/pgf/
math/pgfmathfloat.code.tex
\c@pgfmathroundto@lastzeros=\count360
))
(/data/data/com.termux/files/usr/share/texlive/2025/texmf-dist/tex/generic/pgf/
math/pgfint.code.tex)
(/data/data/com.termux/files/usr/share/texlive/2025/texmf-dist/tex/generic/pgf/
basiclayer/pgfcorepoints.code.tex
File: pgfcorepoints.code.tex 2025-08-14 v3.1.11 (3.1.11)
\pgf@picminx=\dimen316
\pgf@picmaxx=\dimen317
\pgf@picminy=\dimen318
\pgf@picmaxy=\dimen319
\pgf@pathminx=\dimen320
\pgf@pathmaxx=\dimen321
\pgf@pathminy=\dimen322
\pgf@pathmaxy=\dimen323
\pgf@xx=\dimen324
\pgf@xy=\dimen325
\pgf@yx=\dimen326
\pgf@yy=\dimen327
\pgf@zx=\dimen328
\pgf@zy=\dimen329
)
(/data/data/com.termux/files/usr/share/texlive/2025/texmf-dist/tex/generic/pgf/
basiclayer/pgfcorepathconstruct.code.tex
File: pgfcorepathconstruct.code.tex 2025-08-14 v3.1.11 (3.1.11)
\pgf@path@lastx=\dimen330
\pgf@path@lasty=\dimen331
)
(/data/data/com.termux/files/usr/share/texlive/2025/texmf-dist/tex/generic/pgf/
basiclayer/pgfcorepathusage.code.tex
File: pgfcorepathusage.code.tex 2025-08-14 v3.1.11 (3.1.11)
\pgf@shorten@end@additional=\dimen332
\pgf@shorten@start@additional=\dimen333
)
(/data/data/com.termux/files/usr/share/texlive/2025/texmf-dist/tex/generic/pgf/
basiclayer/pgfcorescopes.code.tex
File: pgfcorescopes.code.tex 2025-08-14 v3.1.11 (3.1.11)
\pgfpic=\box79
\pgf@hbox=\box80
\pgf@layerbox@main=\box81
\pgf@picture@serial@count=\count361
)
(/data/data/com.termux/files/usr/share/texlive/2025/texmf-dist/tex/generic/pgf/
basiclayer/pgfcoregraphicstate.code.tex
File: pgfcoregraphicstate.code.tex 2025-08-14 v3.1.11 (3.1.11)
\pgflinewidth=\dimen334
)
(/data/data/com.termux/files/usr/share/texlive/2025/texmf-dist/tex/generic/pgf/
basiclayer/pgfcoretransformations.code.tex
File: pgfcoretransformations.code.tex 2025-08-14 v3.1.11 (3.1.11)
\pgf@pt@x=\dimen335
\pgf@pt@y=\dimen336
\pgf@pt@temp=\dimen337
)
(/data/data/com.termux/files/usr/share/texlive/2025/texmf-dist/tex/generic/pgf/
basiclayer/pgfcorequick.code.tex
File: pgfcorequick.code.tex 2025-08-14 v3.1.11 (3.1.11)
)
(/data/data/com.termux/files/usr/share/texlive/2025/texmf-dist/tex/generic/pgf/
basiclayer/pgfcoreobjects.code.tex
File: pgfcoreobjects.code.tex 2025-08-14 v3.1.11 (3.1.11)
)
(/data/data/com.termux/files/usr/share/texlive/2025/texmf-dist/tex/generic/pgf/
basiclayer/pgfcorepathprocessing.code.tex
File: pgfcorepathprocessing.code.tex 2025-08-14 v3.1.11 (3.1.11)
)
(/data/data/com.termux/files/usr/share/texlive/2025/texmf-dist/tex/generic/pgf/
basiclayer/pgfcorearrows.code.tex
File: pgfcorearrows.code.tex 2025-08-14 v3.1.11 (3.1.11)
\pgfarrowsep=\dimen338
)
(/data/data/com.termux/files/usr/share/texlive/2025/texmf-dist/tex/generic/pgf/
basiclayer/pgfcoreshade.code.tex
File: pgfcoreshade.code.tex 2025-08-14 v3.1.11 (3.1.11)
\pgf@max=\dimen339
\pgf@sys@shading@range@num=\count362
\pgf@shadingcount=\count363
)
(/data/data/com.termux/files/usr/share/texlive/2025/texmf-dist/tex/generic/pgf/
basiclayer/pgfcoreimage.code.tex
File: pgfcoreimage.code.tex 2025-08-14 v3.1.11 (3.1.11)
)
(/data/data/com.termux/files/usr/share/texlive/2025/texmf-dist/tex/generic/pgf/
basiclayer/pgfcoreexternal.code.tex
File: pgfcoreexternal.code.tex 2025-08-14 v3.1.11 (3.1.11)
\pgfexternal@startupbox=\box82
)
(/data/data/com.termux/files/usr/share/texlive/2025/texmf-dist/tex/generic/pgf/
basiclayer/pgfcorelayers.code.tex
File: pgfcorelayers.code.tex 2025-08-14 v3.1.11 (3.1.11)
)
(/data/data/com.termux/files/usr/share/texlive/2025/texmf-dist/tex/generic/pgf/
basiclayer/pgfcoretransparency.code.tex
File: pgfcoretransparency.code.tex 2025-08-14 v3.1.11 (3.1.11)
)
(/data/data/com.termux/files/usr/share/texlive/2025/texmf-dist/tex/generic/pgf/
basiclayer/pgfcorepatterns.code.tex
File: pgfcorepatterns.code.tex 2025-08-14 v3.1.11 (3.1.11)
)
(/data/data/com.termux/files/usr/share/texlive/2025/texmf-dist/tex/generic/pgf/
basiclayer/pgfcorerdf.code.tex
File: pgfcorerdf.code.tex 2025-08-14 v3.1.11 (3.1.11)
)))
(/data/data/com.termux/files/usr/share/texlive/2025/texmf-dist/tex/generic/pgf/
modules/pgfmoduleshapes.code.tex
File: pgfmoduleshapes.code.tex 2025-08-14 v3.1.11 (3.1.11)
\pgfnodeparttextbox=\box83
)
(/data/data/com.termux/files/usr/share/texlive/2025/texmf-dist/tex/generic/pgf/
modules/pgfmoduleplot.code.tex
File: pgfmoduleplot.code.tex 2025-08-14 v3.1.11 (3.1.11)
)
(/data/data/com.termux/files/usr/share/texlive/2025/texmf-dist/tex/latex/pgf/co
mpatibility/pgfcomp-version-0-65.sty
Package: pgfcomp-version-0-65 2025-08-14 v3.1.11 (3.1.11)
\pgf@nodesepstart=\dimen340
\pgf@nodesepend=\dimen341
)
(/data/data/com.termux/files/usr/share/texlive/2025/texmf-dist/tex/latex/pgf/co
mpatibility/pgfcomp-version-1-18.sty
Package: pgfcomp-version-1-18 2025-08-14 v3.1.11 (3.1.11)
))
(/data/data/com.termux/files/usr/share/texlive/2025/texmf-dist/tex/latex/pgf/ut
ilities/pgffor.sty
(/data/data/com.termux/files/usr/share/texlive/2025/texmf-dist/tex/latex/pgf/ma
th/pgfmath.sty
(/data/data/com.termux/files/usr/share/texlive/2025/texmf-dist/tex/generic/pgf/
math/pgfmath.code.tex))
(/data/data/com.termux/files/usr/share/texlive/2025/texmf-dist/tex/generic/pgf/
utilities/pgffor.code.tex
Package: pgffor 2025-08-14 v3.1.11 (3.1.11)
\pgffor@iter=\dimen342
\pgffor@skip=\dimen343
\pgffor@stack=\toks50
\pgffor@toks=\toks51
))
(/data/data/com.termux/files/usr/share/texlive/2025/texmf-dist/tex/generic/pgf/
frontendlayer/tikz/tikz.code.tex
Package: tikz 2025-08-14 v3.1.11 (3.1.11)

(/data/data/com.termux/files/usr/share/texlive/2025/texmf-dist/tex/generic/pgf/
libraries/pgflibraryplothandlers.code.tex
File: pgflibraryplothandlers.code.tex 2025-08-14 v3.1.11 (3.1.11)
\pgf@plot@mark@count=\count364
\pgfplotmarksize=\dimen344
)
\tikz@lastx=\dimen345
\tikz@lasty=\dimen346
\tikz@lastxsaved=\dimen347
\tikz@lastysaved=\dimen348
\tikz@lastmovetox=\dimen349
\tikz@lastmovetoy=\dimen350
\tikzleveldistance=\dimen351
\tikzsiblingdistance=\dimen352
\tikz@figbox=\box84
\tikz@figbox@bg=\box85
\tikz@tempbox=\box86
\tikz@tempbox@bg=\box87
\tikztreelevel=\count365
\tikznumberofchildren=\count366
\tikznumberofcurrentchild=\count367
\tikz@fig@count=\count368

(/data/data/com.termux/files/usr/share/texlive/2025/texmf-dist/tex/generic/pgf/
modules/pgfmodulematrix.code.tex
File: pgfmodulematrix.code.tex 2025-08-14 v3.1.11 (3.1.11)
\pgfmatrixcurrentrow=\count369
\pgfmatrixcurrentcolumn=\count370
\pgf@matrix@numberofcolumns=\count371
)
\tikz@expandcount=\count372

(/data/data/com.termux/files/usr/share/texlive/2025/texmf-dist/tex/generic/pgf/
frontendlayer/tikz/libraries/tikzlibrarytopaths.code.tex
File: tikzlibrarytopaths.code.tex 2025-08-14 v3.1.11 (3.1.11)
)))
(/data/data/com.termux/files/usr/share/texlive/2025/texmf-dist/tex/latex/circui
tikz/circuitikz.sty
Package: circuitikz 2025/07/08{} The CircuiTikz circuit drawing package version
 1.8.2

(/data/data/com.termux/files/usr/share/texlive/2025/texmf-dist/tex/generic/pgf/
frontendlayer/tikz/libraries/tikzlibrarycalc.code.tex
File: tikzlibrarycalc.code.tex 2025-08-14 v3.1.11 (3.1.11)
)
(/data/data/com.termux/files/usr/share/texlive/2025/texmf-dist/tex/generic/pgf/
libraries/pgflibraryarrows.meta.code.tex
File: pgflibraryarrows.meta.code.tex 2025-08-14 v3.1.11 (3.1.11)
\pgfarrowinset=\dimen353
\pgfarrowlength=\dimen354
\pgfarrowwidth=\dimen355
\pgfarrowlinewidth=\dimen356
)
(/data/data/com.termux/files/usr/share/texlive/2025/texmf-dist/tex/generic/pgf/
frontendlayer/tikz/libraries/tikzlibrarybending.code.tex
File: tikzlibrarybending.code.tex 2025-08-14 v3.1.11 (3.1.11)

(/data/data/com.termux/files/usr/share/texlive/2025/texmf-dist/tex/generic/pgf/
modules/pgfmodulebending.code.tex
File: pgfmodulebending.code.tex 2025-08-14 v3.1.11 (3.1.11)

(/data/data/com.termux/files/usr/share/texlive/2025/texmf-dist/tex/generic/pgf/
modules/pgfmodulenonlineartransformations.code.tex
File: pgfmodulenonlineartransformations.code.tex 2025-08-14 v3.1.11 (3.1.11)
\pgftransformnonlinearflatness=\dimen357
)
(/data/data/com.termux/files/usr/share/texlive/2025/texmf-dist/tex/generic/pgf/
libraries/pgflibrarycurvilinear.code.tex
File: pgflibrarycurvilinear.code.tex 2025-08-14 v3.1.11 (3.1.11)
\pgf@curvilinear@time@a=\dimen358
\pgf@curvilinear@length@a=\dimen359
\pgf@curvilinear@length@b=\dimen360
\pgf@curvilinear@length@c=\dimen361
\pgf@curvilinear@length@d=\dimen362
)
\pgf@arrows@the@rigidity=\dimen363
))
(/data/data/com.termux/files/usr/share/texlive/2025/texmf-dist/tex/generic/pgf/
frontendlayer/tikz/libraries/tikzlibraryfpu.code.tex
(/data/data/com.termux/files/usr/share/texlive/2025/texmf-dist/tex/generic/pgf/
libraries/pgflibraryfpu.code.tex))
(/data/data/com.termux/files/usr/share/texlive/2025/texmf-dist/tex/generic/circ
uitikz/pgfcirc.defines.tex
\pgf@circ@count@a=\count373
\pgf@circ@count@b=\count374
\pgf@circ@count@c=\count375
\pgf@circ@res@up=\dimen364
\pgf@circ@res@down=\dimen365
\pgf@circ@res@zero=\dimen366
\pgf@circ@res@left=\dimen367
\pgf@circ@res@right=\dimen368
\pgf@circ@res@other=\dimen369
\pgf@circ@res@step=\dimen370
\pgf@circ@res@temp=\dimen371
\pgf@circ@Rlen=\dimen372
\pgf@circ@scaled@Rlen=\dimen373
\pgfstartlinewidth=\dimen374
)
(/data/data/com.termux/files/usr/share/texlive/2025/texmf-dist/tex/generic/circ
uitikz/pgfcircutils.tex
\ctikz@scratchbox=\box88
)
(/data/data/com.termux/files/usr/share/texlive/2025/texmf-dist/tex/generic/circ
uitikz/pgfcircpath.tex)
(/data/data/com.termux/files/usr/share/texlive/2025/texmf-dist/tex/generic/circ
uitikz/pgfcircshapes.tex)
(/data/data/com.termux/files/usr/share/texlive/2025/texmf-dist/tex/generic/circ
uitikz/pgfcircmonopoles.tex)
(/data/data/com.termux/files/usr/share/texlive/2025/texmf-dist/tex/generic/circ
uitikz/pgfcircbipoles.tex)
(/data/data/com.termux/files/usr/share/texlive/2025/texmf-dist/tex/generic/circ
uitikz/pgfcirctripoles.tex
\pgf@circ@res@count=\count376
)
(/data/data/com.termux/files/usr/share/texlive/2025/texmf-dist/tex/generic/circ
uitikz/pgfcircquadpoles.tex)
(/data/data/com.termux/files/usr/share/texlive/2025/texmf-dist/tex/generic/circ
uitikz/pgfcircmultipoles.tex)
(/data/data/com.termux/files/usr/share/texlive/2025/texmf-dist/tex/generic/circ
uitikz/pgfcirclabel.tex)
(/data/data/com.termux/files/usr/share/texlive/2025/texmf-dist/tex/generic/circ
uitikz/pgfcircvoltage.tex
\pgfcirc@labelshift=\dimen375
)
(/data/data/com.termux/files/usr/share/texlive/2025/texmf-dist/tex/generic/circ
uitikz/pgfcirccurrent.tex)
(/data/data/com.termux/files/usr/share/texlive/2025/texmf-dist/tex/generic/circ
uitikz/pgfcircflow.tex))
(/data/data/com.termux/files/usr/share/texlive/2025/texmf-dist/tex/latex/tools/
verbatim.sty
Package: verbatim 2024-01-22 v1.5x LaTeX2e package for verbatim enhancements
\every@verbatim=\toks52
\verbatim@line=\toks53
\verbatim@in@stream=\read4
)
(/data/data/com.termux/files/usr/share/texlive/2025/texmf-dist/tex/latex/hyperr
ef/hyperref.sty
Package: hyperref 2025-07-12 v7.01o Hypertext links for LaTeX

(/data/data/com.termux/files/usr/share/texlive/2025/texmf-dist/tex/latex/kvsetk
eys/kvsetkeys.sty
Package: kvsetkeys 2022-10-05 v1.19 Key value parser (HO)
)
(/data/data/com.termux/files/usr/share/texlive/2025/texmf-dist/tex/generic/kvde
finekeys/kvdefinekeys.sty
Package: kvdefinekeys 2019-12-19 v1.6 Define keys (HO)
)
(/data/data/com.termux/files/usr/share/texlive/2025/texmf-dist/tex/generic/pdfe
scape/pdfescape.sty
Package: pdfescape 2019/12/09 v1.15 Implements pdfTeX's escape features (HO)
)
(/data/data/com.termux/files/usr/share/texlive/2025/texmf-dist/tex/latex/hycolo
r/hycolor.sty
Package: hycolor 2020-01-27 v1.10 Color options for hyperref/bookmark (HO)
)
(/data/data/com.termux/files/usr/share/texlive/2025/texmf-dist/tex/latex/hyperr
ef/nameref.sty
Package: nameref 2025-06-21 v2.57 Cross-referencing by name of section

(/data/data/com.termux/files/usr/share/texlive/2025/texmf-dist/tex/latex/refcou
nt/refcount.sty
Package: refcount 2019/12/15 v3.6 Data extraction from label references (HO)
)
(/data/data/com.termux/files/usr/share/texlive/2025/texmf-dist/tex/generic/gett
itlestring/gettitlestring.sty
Package: gettitlestring 2019/12/15 v1.6 Cleanup title references (HO)

(/data/data/com.termux/files/usr/share/texlive/2025/texmf-dist/tex/latex/kvopti
ons/kvoptions.sty
Package: kvoptions 2022-06-15 v3.15 Key value format for package options (HO)
))
\c@section@level=\count377
)
(/data/data/com.termux/files/usr/share/texlive/2025/texmf-dist/tex/generic/stri
ngenc/stringenc.sty
Package: stringenc 2019/11/29 v1.12 Convert strings between diff. encodings (HO
)
)
\@linkdim=\dimen376
\Hy@linkcounter=\count378
\Hy@pagecounter=\count379

(/data/data/com.termux/files/usr/share/texlive/2025/texmf-dist/tex/latex/hyperr
ef/pd1enc.def
File: pd1enc.def 2025-07-12 v7.01o Hyperref: PDFDocEncoding definition (HO)
Now handling font encoding PD1 ...
... no UTF-8 mapping file for font encoding PD1
)
(/data/data/com.termux/files/usr/share/texlive/2025/texmf-dist/tex/generic/intc
alc/intcalc.sty
Package: intcalc 2019/12/15 v1.3 Expandable calculations with integers (HO)
)
\Hy@SavedSpaceFactor=\count380

(/data/data/com.termux/files/usr/share/texlive/2025/texmf-dist/tex/latex/hyperr
ef/puenc.def
File: puenc.def 2025-07-12 v7.01o Hyperref: PDF Unicode definition (HO)
Now handling font encoding PU ...
... no UTF-8 mapping file for font encoding PU
)
Package hyperref Info: Option `breaklinks' set `true' on input line 4066.
Package hyperref Info: Hyper figures OFF on input line 4195.
Package hyperref Info: Link nesting OFF on input line 4200.
Package hyperref Info: Hyper index ON on input line 4203.
Package hyperref Info: Plain pages OFF on input line 4210.
Package hyperref Info: Backreferencing OFF on input line 4215.
Package hyperref Info: Implicit mode ON; LaTeX internals redefined.
Package hyperref Info: Bookmarks ON on input line 4462.
\c@Hy@tempcnt=\count381

(/data/data/com.termux/files/usr/share/texlive/2025/texmf-dist/tex/latex/url/ur
l.sty
\Urlmuskip=\muskip18
Package: url 2013/09/16  ver 3.4  Verb mode for urls, etc.
)
LaTeX Info: Redefining \url on input line 4801.
\XeTeXLinkMargin=\dimen377

(/data/data/com.termux/files/usr/share/texlive/2025/texmf-dist/tex/generic/bits
et/bitset.sty
Package: bitset 2019/12/09 v1.3 Handle bit-vector datatype (HO)

(/data/data/com.termux/files/usr/share/texlive/2025/texmf-dist/tex/generic/bigi
ntcalc/bigintcalc.sty
Package: bigintcalc 2019/12/15 v1.5 Expandable calculations on big integers (HO
)
))
\Fld@menulength=\count382
\Field@Width=\dimen378
\Fld@charsize=\dimen379
Package hyperref Info: Hyper figures OFF on input line 6078.
Package hyperref Info: Link nesting OFF on input line 6083.
Package hyperref Info: Hyper index ON on input line 6086.
Package hyperref Info: backreferencing OFF on input line 6093.
Package hyperref Info: Link coloring OFF on input line 6098.
Package hyperref Info: Link coloring with OCG OFF on input line 6103.
Package hyperref Info: PDF/A mode OFF on input line 6108.
\Hy@abspage=\count383
\c@Item=\count384
\c@Hfootnote=\count385
)
Package hyperref Info: Driver (autodetected): hpdftex.

(/data/data/com.termux/files/usr/share/texlive/2025/texmf-dist/tex/latex/hyperr
ef/hpdftex.def
File: hpdftex.def 2025-07-12 v7.01o Hyperref driver for pdfTeX
\Fld@listcount=\count386
\c@bookmark@seq@number=\count387

(/data/data/com.termux/files/usr/share/texlive/2025/texmf-dist/tex/latex/rerunf
ilecheck/rerunfilecheck.sty
Package: rerunfilecheck 2025-06-21 v1.11 Rerun checks for auxiliary files (HO)

(/data/data/com.termux/files/usr/share/texlive/2025/texmf-dist/tex/generic/uniq
uecounter/uniquecounter.sty
Package: uniquecounter 2019/12/15 v1.4 Provide unlimited unique counter (HO)
)
Package uniquecounter Info: New unique counter `rerunfilecheck' on input line 2
84.
)
\Hy@SectionHShift=\skip80
)
(/data/data/com.termux/files/usr/share/texlive/2025/texmf-dist/tex/latex/tkz-eu
clide/tkz-euclide.sty
2024/04/19 5.10c tkz-euclide.sty
Package: tkz-euclide  2024/04/19 5.10c for pure Euclidean Geometry 

(/data/data/com.termux/files/usr/share/texlive/2025/texmf-dist/tex/generic/pgf/
frontendlayer/tikz/libraries/tikzlibraryangles.code.tex
File: tikzlibraryangles.code.tex 2025-08-14 v3.1.11 (3.1.11)
)
(/data/data/com.termux/files/usr/share/texlive/2025/texmf-dist/tex/generic/pgf/
frontendlayer/tikz/libraries/tikzlibraryarrows.code.tex
File: tikzlibraryarrows.code.tex 2025-08-14 v3.1.11 (3.1.11)

(/data/data/com.termux/files/usr/share/texlive/2025/texmf-dist/tex/generic/pgf/
libraries/pgflibraryarrows.code.tex
File: pgflibraryarrows.code.tex 2025-08-14 v3.1.11 (3.1.11)
\arrowsize=\dimen380
))
(/data/data/com.termux/files/usr/share/texlive/2025/texmf-dist/tex/generic/pgf/
frontendlayer/tikz/libraries/tikzlibrarybackgrounds.code.tex
File: tikzlibrarybackgrounds.code.tex 2025-08-14 v3.1.11 (3.1.11)
\pgf@layerbox@background=\box89
\pgf@layerboxsaved@background=\box90
)
(/data/data/com.termux/files/usr/share/texlive/2025/texmf-dist/tex/generic/pgf/
frontendlayer/tikz/libraries/tikzlibrarydecorations.code.tex
(/data/data/com.termux/files/usr/share/texlive/2025/texmf-dist/tex/generic/pgf/
modules/pgfmoduledecorations.code.tex
\pgfdecoratedcompleteddistance=\dimen381
\pgfdecoratedremainingdistance=\dimen382
\pgfdecoratedinputsegmentcompleteddistance=\dimen383
\pgfdecoratedinputsegmentremainingdistance=\dimen384
\pgf@decorate@distancetomove=\dimen385
\pgf@decorate@repeatstate=\count388
\pgfdecorationsegmentamplitude=\dimen386
\pgfdecorationsegmentlength=\dimen387
)
\tikz@lib@dec@box=\box91
)
(/data/data/com.termux/files/usr/share/texlive/2025/texmf-dist/tex/generic/pgf/
frontendlayer/tikz/libraries/tikzlibrarydecorations.markings.code.tex
(/data/data/com.termux/files/usr/share/texlive/2025/texmf-dist/tex/generic/pgf/
libraries/decorations/pgflibrarydecorations.markings.code.tex))
(/data/data/com.termux/files/usr/share/texlive/2025/texmf-dist/tex/generic/pgf/
frontendlayer/tikz/libraries/tikzlibrarydecorations.pathreplacing.code.tex
(/data/data/com.termux/files/usr/share/texlive/2025/texmf-dist/tex/generic/pgf/
libraries/decorations/pgflibrarydecorations.pathreplacing.code.tex))
(/data/data/com.termux/files/usr/share/texlive/2025/texmf-dist/tex/generic/pgf/
frontendlayer/tikz/libraries/tikzlibrarydecorations.shapes.code.tex
(/data/data/com.termux/files/usr/share/texlive/2025/texmf-dist/tex/generic/pgf/
libraries/decorations/pgflibrarydecorations.shapes.code.tex))
(/data/data/com.termux/files/usr/share/texlive/2025/texmf-dist/tex/generic/pgf/
frontendlayer/tikz/libraries/tikzlibrarydecorations.text.code.tex
(/data/data/com.termux/files/usr/share/texlive/2025/texmf-dist/tex/generic/pgf/
libraries/decorations/pgflibrarydecorations.text.code.tex
\pgf@lib@dec@text@box=\box92
)
\tikz@lib@dec@te@box=\box93
)
(/data/data/com.termux/files/usr/share/texlive/2025/texmf-dist/tex/generic/pgf/
frontendlayer/tikz/libraries/tikzlibrarydecorations.pathmorphing.code.tex
(/data/data/com.termux/files/usr/share/texlive/2025/texmf-dist/tex/generic/pgf/
libraries/decorations/pgflibrarydecorations.pathmorphing.code.tex))
(/data/data/com.termux/files/usr/share/texlive/2025/texmf-dist/tex/generic/pgf/
frontendlayer/tikz/libraries/tikzlibraryintersections.code.tex
(/data/data/com.termux/files/usr/share/texlive/2025/texmf-dist/tex/generic/pgf/
libraries/pgflibraryintersections.code.tex
\pgf@intersect@solutions=\count389
))
(/data/data/com.termux/files/usr/share/texlive/2025/texmf-dist/tex/generic/pgf/
frontendlayer/tikz/libraries/tikzlibrarymath.code.tex
\tikz@math@for@depth=\count390
\tikz@math@dimen=\dimen388
\tikz@math@toks=\toks54
)
(/data/data/com.termux/files/usr/share/texlive/2025/texmf-dist/tex/generic/pgf/
frontendlayer/tikz/libraries/tikzlibraryplotmarks.code.tex
File: tikzlibraryplotmarks.code.tex 2025-08-14 v3.1.11 (3.1.11)

(/data/data/com.termux/files/usr/share/texlive/2025/texmf-dist/tex/generic/pgf/
libraries/pgflibraryplotmarks.code.tex
File: pgflibraryplotmarks.code.tex 2025-08-14 v3.1.11 (3.1.11)
))
(/data/data/com.termux/files/usr/share/texlive/2025/texmf-dist/tex/generic/pgf/
frontendlayer/tikz/libraries/tikzlibrarypositioning.code.tex
File: tikzlibrarypositioning.code.tex 2025-08-14 v3.1.11 (3.1.11)
)
(/data/data/com.termux/files/usr/share/texlive/2025/texmf-dist/tex/generic/pgf/
frontendlayer/tikz/libraries/tikzlibraryquotes.code.tex
File: tikzlibraryquotes.code.tex 2025-08-14 v3.1.11 (3.1.11)
)
(/data/data/com.termux/files/usr/share/texlive/2025/texmf-dist/tex/generic/pgf/
frontendlayer/tikz/libraries/tikzlibraryshapes.misc.code.tex
File: tikzlibraryshapes.misc.code.tex 2025-08-14 v3.1.11 (3.1.11)

(/data/data/com.termux/files/usr/share/texlive/2025/texmf-dist/tex/generic/pgf/
libraries/shapes/pgflibraryshapes.misc.code.tex
File: pgflibraryshapes.misc.code.tex 2025-08-14 v3.1.11 (3.1.11)
))
(/data/data/com.termux/files/usr/share/texlive/2025/texmf-dist/tex/generic/pgf/
frontendlayer/tikz/libraries/tikzlibrarythrough.code.tex
File: tikzlibrarythrough.code.tex 2025-08-14 v3.1.11 (3.1.11)
)
(/data/data/com.termux/files/usr/share/texlive/2025/texmf-dist/tex/latex/l3pack
ages/xfp/xfp.sty
(/data/data/com.termux/files/usr/share/texlive/2025/texmf-dist/tex/latex/l3kern
el/expl3.sty
Package: expl3 2025-08-13 L3 programming layer (loader) 

(/data/data/com.termux/files/usr/share/texlive/2025/texmf-dist/tex/latex/l3back
end/l3backend-pdftex.def
File: l3backend-pdftex.def 2025-06-09 L3 backend support: PDF output (pdfTeX)
\l__color_backend_stack_int=\count391
))
Package: xfp 2024-08-16 L3 Floating point unit
)
(/data/data/com.termux/files/usr/share/texlive/2025/texmf-dist/tex/latex/xpatch
/xpatch.sty
Package: xpatch 2020/03/25 v0.3a Extending etoolbox patching commands

(/data/data/com.termux/files/usr/share/texlive/2025/texmf-dist/tex/latex/l3pack
ages/xparse/xparse.sty
Package: xparse 2024-08-16 L3 Experimental document command parser
))
\tkzRadius=\dimen389
\tkzLength=\dimen390
\tkz@radi=\dimen391
\tkz@ax=\dimen392
\tkz@ay=\dimen393
\tkz@bx=\dimen394
\tkz@by=\dimen395
\tkz@cx=\dimen396
\tkz@cy=\dimen397
\tkz@dx=\dimen398
\tkz@dy=\dimen399
\tkz@cntmk=\count392

Local configuration file tkz-euclide.cfg found and used

(/data/data/com.termux/files/usr/share/texlive/2025/texmf-dist/tex/latex/tkz-eu
clide/tkz-euclide.cfg
2024/04/19 5.10c tkz-euclide.cfg
)
(/data/data/com.termux/files/usr/share/texlive/2025/texmf-dist/tex/latex/tkz-eu
clide/tkz-tools-eu-base.tex
2024/04/19 5.10c tkz-tools-eu-base.tex
)
(/data/data/com.termux/files/usr/share/texlive/2025/texmf-dist/tex/latex/tkz-eu
clide/tkz-tools-eu-utilities.tex
2024/04/19 5.10c tkz-tools-eu-utilities.tex
)
(/data/data/com.termux/files/usr/share/texlive/2025/texmf-dist/tex/latex/tkz-eu
clide/tkz-tools-eu-BB.tex
2024/04/19 5.10c tkz-obj-eu-BB.tex
)
(/data/data/com.termux/files/usr/share/texlive/2025/texmf-dist/tex/latex/tkz-eu
clide/tkz-obj-eu-grids.tex
2024/04/19 5.10c tkz-obj-eu-grids.tex
)
(/data/data/com.termux/files/usr/share/texlive/2025/texmf-dist/tex/latex/tkz-eu
clide/tkz-lib-eu-marks.tex
2024/04/19 5.10c tkz-lib-eu-marks.tex
)
(/data/data/com.termux/files/usr/share/texlive/2025/texmf-dist/tex/latex/tkz-eu
clide/tkz-tools-eu-text.tex
2024/04/19 5.10c tkz-tools-eu-text.tex
)
(/data/data/com.termux/files/usr/share/texlive/2025/texmf-dist/tex/latex/tkz-eu
clide/tkz-lib-eu-shape.tex
2024/04/19 5.10c tkz-lib-eu-shape.tex
)
(/data/data/com.termux/files/usr/share/texlive/2025/texmf-dist/tex/latex/tkz-eu
clide/tkz-obj-eu-axesmin.tex
2024/04/19 5.10c tkz-obj-eu-axesmin
)
(/data/data/com.termux/files/usr/share/texlive/2025/texmf-dist/tex/latex/tkz-eu
clide/tkz-tools-eu-colors.tex
2024/04/19 5.10c tkz-tools-eu-colors
)
(/data/data/com.termux/files/usr/share/texlive/2025/texmf-dist/tex/latex/tkz-eu
clide/tkz-obj-eu-points.tex
2024/04/19 5.10c tkz-obj-eu-points.tex
)
(/data/data/com.termux/files/usr/share/texlive/2025/texmf-dist/tex/latex/tkz-eu
clide/tkz-draw-eu-points.tex
2024/04/19 5.10c tkz-draw-eu-points.tex
)
(/data/data/com.termux/files/usr/share/texlive/2025/texmf-dist/tex/latex/tkz-eu
clide/tkz-obj-eu-points.tex
2024/04/19 5.10c tkz-obj-eu-points.tex
)
(/data/data/com.termux/files/usr/share/texlive/2025/texmf-dist/tex/latex/tkz-eu
clide/tkz-obj-eu-points-by.tex
2024/04/19 5.10c tkz-tools-eu-points-by.tex
)
(/data/data/com.termux/files/usr/share/texlive/2025/texmf-dist/tex/latex/tkz-eu
clide/tkz-tools-eu-math.tex
2024/04/19 5.10c tkz-tools-eu-math.tex
)
(/data/data/com.termux/files/usr/share/texlive/2025/texmf-dist/tex/latex/tkz-eu
clide/tkz-tools-eu-intersections.tex
2024/04/19 5.10c tkz-tools-eu-intersections.tex
)
(/data/data/com.termux/files/usr/share/texlive/2025/texmf-dist/tex/latex/tkz-eu
clide/tkz-obj-eu-points-with.tex
2024/04/19 5.10c tkz-obj-eu-points-with.tex
)
(/data/data/com.termux/files/usr/share/texlive/2025/texmf-dist/tex/latex/tkz-eu
clide/tkz-obj-eu-points-spc.tex
2024/04/19 5.10c tkz-obj-el-points.tex
)
(/data/data/com.termux/files/usr/share/texlive/2025/texmf-dist/tex/latex/tkz-eu
clide/tkz-tools-eu-angles.tex
2024/04/19 5.10c tkz-tools-eu-angles.tex
)
(/data/data/com.termux/files/usr/share/texlive/2025/texmf-dist/tex/latex/tkz-eu
clide/tkz-obj-eu-circles.tex
2024/04/19 5.10c tkz-obj-eu-circles.tex
)
(/data/data/com.termux/files/usr/share/texlive/2025/texmf-dist/tex/latex/tkz-eu
clide/tkz-obj-eu-circles-by.tex
2024/04/19 5.10c tkz-obj-eu-circles.tex
)
(/data/data/com.termux/files/usr/share/texlive/2025/texmf-dist/tex/latex/tkz-eu
clide/tkz-obj-eu-points-rnd.tex
2024/04/19 5.10c tkz-obj-eu-points-rnd.tex
)
(/data/data/com.termux/files/usr/share/texlive/2025/texmf-dist/tex/latex/tkz-eu
clide/tkz-obj-eu-lines.tex
2024/04/19 5.10c tkz-obj-eu-lines.tex
)
(/data/data/com.termux/files/usr/share/texlive/2025/texmf-dist/tex/latex/tkz-eu
clide/tkz-obj-eu-polygons.tex
2024/04/19 5.10c tkz-obj-eu-polygons.tex
)
(/data/data/com.termux/files/usr/share/texlive/2025/texmf-dist/tex/latex/tkz-eu
clide/tkz-obj-eu-triangles.tex
2024/04/19 5.10c tkz-obj-eu-triangles.tex
)
(/data/data/com.termux/files/usr/share/texlive/2025/texmf-dist/tex/latex/tkz-eu
clide/tkz-draw-eu-lines.tex
2024/04/19 5.10c tkz-obj-eu-draw-lines.tex
)
(/data/data/com.termux/files/usr/share/texlive/2025/texmf-dist/tex/latex/tkz-eu
clide/tkz-draw-eu-circles.tex
2024/04/19 5.10c tkz-obj-eu-draw-circles.tex
)
(/data/data/com.termux/files/usr/share/texlive/2025/texmf-dist/tex/latex/tkz-eu
clide/tkz-draw-eu-ellipses.tex
2024/04/19 5.10c tkz-obj-eu-draw-ellipses.tex
)
(/data/data/com.termux/files/usr/share/texlive/2025/texmf-dist/tex/latex/tkz-eu
clide/tkz-draw-eu-polygons.tex
2024/04/19 5.10c tkz-obj-eu-polygons.tex
)
(/data/data/com.termux/files/usr/share/texlive/2025/texmf-dist/tex/latex/tkz-eu
clide/tkz-draw-eu-arcs.tex
2024/04/19 5.10c tkz-tool-eu-arcs.tex
)
(/data/data/com.termux/files/usr/share/texlive/2025/texmf-dist/tex/latex/tkz-eu
clide/tkz-draw-eu-angles.tex
2024/04/19 5.10c tkz-tool-eu-angles.tex
)
(/data/data/com.termux/files/usr/share/texlive/2025/texmf-dist/tex/latex/tkz-eu
clide/tkz-draw-eu-sectors.tex
2024/04/19 5.10c tkz-obj-eu-sectors.tex
)
(/data/data/com.termux/files/usr/share/texlive/2025/texmf-dist/tex/latex/tkz-eu
clide/tkz-draw-eu-compass.tex
2024/04/19 5.10c tkz-obj-eu-compass.tex
)
(/data/data/com.termux/files/usr/share/texlive/2025/texmf-dist/tex/latex/tkz-eu
clide/tkz-draw-eu-show.tex
2024/04/19 5.10c tkz-obj-eu-show.tex
)
(/data/data/com.termux/files/usr/share/texlive/2025/texmf-dist/tex/latex/tkz-eu
clide/tkz-draw-eu-protractor.tex
2024/04/19 5.10c tkz-obj-eu-protractor.tex
))
(/data/data/com.termux/files/usr/share/texlive/2025/texmf-dist/tex/generic/pgf/
frontendlayer/tikz/libraries/tikzlibraryfadings.code.tex
File: tikzlibraryfadings.code.tex 2025-08-14 v3.1.11 (3.1.11)

(/data/data/com.termux/files/usr/share/texlive/2025/texmf-dist/tex/generic/pgf/
libraries/pgflibraryfadings.code.tex
File: pgflibraryfadings.code.tex 2025-08-14 v3.1.11 (3.1.11)
))
(/data/data/com.termux/files/usr/share/texlive/2025/texmf-dist/tex/latex/listin
gs/listings.sty
\lst@mode=\count393
\lst@gtempboxa=\box94
\lst@token=\toks55
\lst@length=\count394
\lst@currlwidth=\dimen400
\lst@column=\count395
\lst@pos=\count396
\lst@lostspace=\dimen401
\lst@width=\dimen402
\lst@newlines=\count397
\lst@lineno=\count398
\lst@maxwidth=\dimen403

(/data/data/com.termux/files/usr/share/texlive/2025/texmf-dist/tex/latex/listin
gs/lstpatch.sty
File: lstpatch.sty 2024/09/23 1.10c (Carsten Heinz)
)
(/data/data/com.termux/files/usr/share/texlive/2025/texmf-dist/tex/latex/listin
gs/lstmisc.sty
File: lstmisc.sty 2024/09/23 1.10c (Carsten Heinz)
\c@lstnumber=\count399
\lst@skipnumbers=\count400
\lst@framebox=\box95
)
(/data/data/com.termux/files/usr/share/texlive/2025/texmf-dist/tex/latex/listin
gs/listings.cfg
File: listings.cfg 2024/09/23 1.10c listings configuration
))
Package: listings 2024/09/23 1.10c (Carsten Heinz)

(/data/data/com.termux/files/usr/share/texlive/2025/texmf-dist/tex/latex/tools/
hhline.sty
Package: hhline 2020/01/04 v2.04 Table rule package (DPC)
)
(/data/data/com.termux/files/usr/share/texlive/2025/texmf-dist/tex/latex/graphi
cs/lscape.sty
Package: lscape 2020/05/28 v3.02 Landscape Pages (DPC)
)
(/data/data/com.termux/files/usr/share/texlive/2025/texmf-dist/tex/latex/tools/
multicol.sty
Package: multicol 2025/05/25 v2.0a multicolumn formatting (FMi)
\c@tracingmulticols=\count401
\mult@box=\box96
\multicol@leftmargin=\dimen404
\c@unbalance=\count402
\c@collectmore=\count403
\doublecol@number=\count404
\multicoltolerance=\count405
\multicolpretolerance=\count406
\full@width=\dimen405
\page@free=\dimen406
\premulticols=\dimen407
\postmulticols=\dimen408
\multicolsep=\skip81
\multicolbaselineskip=\skip82
\partial@page=\box97
\last@line=\box98
\mc@boxedresult=\box99
\maxbalancingoverflow=\dimen409
\mult@rightbox=\box100
\mult@grightbox=\box101
\mult@firstbox=\box102
\mult@gfirstbox=\box103
\@tempa=\box104
\@tempa=\box105
\@tempa=\box106
\@tempa=\box107
\@tempa=\box108
\@tempa=\box109
\@tempa=\box110
\@tempa=\box111
\@tempa=\box112
\@tempa=\box113
\@tempa=\box114
\@tempa=\box115
\@tempa=\box116
\@tempa=\box117
\@tempa=\box118
\@tempa=\box119
\@tempa=\box120
\@tempa=\box121
\@tempa=\box122
\@tempa=\box123
\@tempa=\box124
\@tempa=\box125
\@tempa=\box126
\@tempa=\box127
\@tempa=\box128
\@tempa=\box129
\@tempa=\box130
\@tempa=\box131
\@tempa=\box132
\@tempa=\box133
\@tempa=\box134
\@tempa=\box135
\@tempa=\box136
\@tempa=\box137
\@tempa=\box138
\@tempa=\box139
\c@minrows=\count407
\c@columnbadness=\count408
\c@finalcolumnbadness=\count409
\last@try=\dimen410
\multicolovershoot=\dimen411
\multicolundershoot=\dimen412
\mult@nat@firstbox=\box140
\colbreak@box=\box141
\mc@col@check@num=\count410
\g__mc_curr_col_int=\count411
)
(/data/data/com.termux/files/usr/share/texlive/2025/texmf-dist/tex/latex/chngcn
tr/chngcntr.sty
Package: chngcntr 2018/04/09 v1.1a change counter resetting
Package chngcntr Info: \counterwithout already defined.
(chngcntr)             Quitting chngcntr on input line 21.
)
\c@theorem=\count412
\c@problem=\count413
\c@proposition=\count414
\c@lemma=\count415
\c@example=\count416
) (./gvv.sty
\c@matchleft=\count417
\c@matchright=\count418
)
(/data/data/com.termux/files/usr/share/texlive/2025/texmf-dist/tex/latex/amsfon
ts/amssymb.sty
Package: amssymb 2013/01/14 v3.01 AMS font symbols

(/data/data/com.termux/files/usr/share/texlive/2025/texmf-dist/tex/latex/amsfon
ts/amsfonts.sty
Package: amsfonts 2013/01/14 v3.01 Basic AMSFonts support
LaTeX Font Info:    Redeclaring symbol font `AMSa' on input line 59.
LaTeX Font Info:    Overwriting symbol font `AMSa' in version `normal'
(Font)                  U/txsya/m/n --> U/msa/m/n on input line 59.
LaTeX Font Info:    Overwriting symbol font `AMSa' in version `bold'
(Font)                  U/txsya/bx/n --> U/msa/m/n on input line 59.
LaTeX Font Info:    Redeclaring symbol font `AMSb' on input line 60.
LaTeX Font Info:    Overwriting symbol font `AMSb' in version `normal'
(Font)                  U/txsyb/m/n --> U/msb/m/n on input line 60.
LaTeX Font Info:    Overwriting symbol font `AMSb' in version `bold'
(Font)                  U/txsyb/bx/n --> U/msb/m/n on input line 60.
LaTeX Font Info:    Redeclaring math delimiter \ulcorner on input line 74.
LaTeX Font Info:    Redeclaring math delimiter \urcorner on input line 75.
LaTeX Font Info:    Redeclaring math delimiter \llcorner on input line 76.
LaTeX Font Info:    Redeclaring math delimiter \lrcorner on input line 77.
LaTeX Font Info:    Redeclaring math symbol \square on input line 141.
LaTeX Font Info:    Redeclaring math symbol \lozenge on input line 142.
)
LaTeX Font Info:    Redeclaring math symbol \boxdot on input line 44.
LaTeX Font Info:    Redeclaring math symbol \boxplus on input line 45.
LaTeX Font Info:    Redeclaring math symbol \boxtimes on input line 46.
LaTeX Font Info:    Redeclaring math symbol \blacksquare on input line 48.
LaTeX Font Info:    Redeclaring math symbol \centerdot on input line 49.
LaTeX Font Info:    Redeclaring math symbol \blacklozenge on input line 51.
LaTeX Font Info:    Redeclaring math symbol \circlearrowright on input line 52.

LaTeX Font Info:    Redeclaring math symbol \circlearrowleft on input line 53.
LaTeX Font Info:    Redeclaring math symbol \leftrightharpoons on input line 56
.
LaTeX Font Info:    Redeclaring math symbol \boxminus on input line 57.
LaTeX Font Info:    Redeclaring math symbol \Vdash on input line 58.
LaTeX Font Info:    Redeclaring math symbol \Vvdash on input line 59.
LaTeX Font Info:    Redeclaring math symbol \vDash on input line 60.
LaTeX Font Info:    Redeclaring math symbol \twoheadrightarrow on input line 61
.
LaTeX Font Info:    Redeclaring math symbol \twoheadleftarrow on input line 62.

LaTeX Font Info:    Redeclaring math symbol \leftleftarrows on input line 63.
LaTeX Font Info:    Redeclaring math symbol \rightrightarrows on input line 64.

LaTeX Font Info:    Redeclaring math symbol \upuparrows on input line 65.
LaTeX Font Info:    Redeclaring math symbol \downdownarrows on input line 66.
LaTeX Font Info:    Redeclaring math symbol \upharpoonright on input line 67.
LaTeX Font Info:    Redeclaring math symbol \downharpoonright on input line 69.

LaTeX Font Info:    Redeclaring math symbol \upharpoonleft on input line 70.
LaTeX Font Info:    Redeclaring math symbol \downharpoonleft on input line 71.
LaTeX Font Info:    Redeclaring math symbol \rightarrowtail on input line 72.
LaTeX Font Info:    Redeclaring math symbol \leftarrowtail on input line 73.
LaTeX Font Info:    Redeclaring math symbol \leftrightarrows on input line 74.
LaTeX Font Info:    Redeclaring math symbol \rightleftarrows on input line 75.
LaTeX Font Info:    Redeclaring math symbol \Lsh on input line 76.
LaTeX Font Info:    Redeclaring math symbol \Rsh on input line 77.
LaTeX Font Info:    Redeclaring math symbol \leftrightsquigarrow on input line 
79.
LaTeX Font Info:    Redeclaring math symbol \looparrowleft on input line 80.
LaTeX Font Info:    Redeclaring math symbol \looparrowright on input line 81.
LaTeX Font Info:    Redeclaring math symbol \circeq on input line 82.
LaTeX Font Info:    Redeclaring math symbol \succsim on input line 83.
LaTeX Font Info:    Redeclaring math symbol \gtrsim on input line 84.
LaTeX Font Info:    Redeclaring math symbol \gtrapprox on input line 85.
LaTeX Font Info:    Redeclaring math symbol \multimap on input line 86.
LaTeX Font Info:    Redeclaring math symbol \therefore on input line 87.
LaTeX Font Info:    Redeclaring math symbol \because on input line 88.
LaTeX Font Info:    Redeclaring math symbol \doteqdot on input line 89.
LaTeX Font Info:    Redeclaring math symbol \triangleq on input line 91.
LaTeX Font Info:    Redeclaring math symbol \precsim on input line 92.
LaTeX Font Info:    Redeclaring math symbol \lesssim on input line 93.
LaTeX Font Info:    Redeclaring math symbol \lessapprox on input line 94.
LaTeX Font Info:    Redeclaring math symbol \eqslantless on input line 95.
LaTeX Font Info:    Redeclaring math symbol \eqslantgtr on input line 96.
LaTeX Font Info:    Redeclaring math symbol \curlyeqprec on input line 97.
LaTeX Font Info:    Redeclaring math symbol \curlyeqsucc on input line 98.
LaTeX Font Info:    Redeclaring math symbol \preccurlyeq on input line 99.
LaTeX Font Info:    Redeclaring math symbol \leqq on input line 100.
LaTeX Font Info:    Redeclaring math symbol \leqslant on input line 101.
LaTeX Font Info:    Redeclaring math symbol \lessgtr on input line 102.
LaTeX Font Info:    Redeclaring math symbol \backprime on input line 103.
LaTeX Font Info:    Redeclaring math symbol \risingdotseq on input line 104.
LaTeX Font Info:    Redeclaring math symbol \fallingdotseq on input line 105.
LaTeX Font Info:    Redeclaring math symbol \succcurlyeq on input line 106.
LaTeX Font Info:    Redeclaring math symbol \geqq on input line 107.
LaTeX Font Info:    Redeclaring math symbol \geqslant on input line 108.
LaTeX Font Info:    Redeclaring math symbol \gtrless on input line 109.
LaTeX Font Info:    Redeclaring math symbol \bigstar on input line 117.
LaTeX Font Info:    Redeclaring math symbol \between on input line 118.
LaTeX Font Info:    Redeclaring math symbol \blacktriangledown on input line 11
9.
LaTeX Font Info:    Redeclaring math symbol \blacktriangleright on input line 1
20.
LaTeX Font Info:    Redeclaring math symbol \blacktriangleleft on input line 12
1.
LaTeX Font Info:    Redeclaring math symbol \vartriangle on input line 122.
LaTeX Font Info:    Redeclaring math symbol \blacktriangle on input line 123.
LaTeX Font Info:    Redeclaring math symbol \triangledown on input line 124.
LaTeX Font Info:    Redeclaring math symbol \eqcirc on input line 125.
LaTeX Font Info:    Redeclaring math symbol \lesseqgtr on input line 126.
LaTeX Font Info:    Redeclaring math symbol \gtreqless on input line 127.
LaTeX Font Info:    Redeclaring math symbol \lesseqqgtr on input line 128.
LaTeX Font Info:    Redeclaring math symbol \gtreqqless on input line 129.
LaTeX Font Info:    Redeclaring math symbol \Rrightarrow on input line 130.
LaTeX Font Info:    Redeclaring math symbol \Lleftarrow on input line 131.
LaTeX Font Info:    Redeclaring math symbol \veebar on input line 132.
LaTeX Font Info:    Redeclaring math symbol \barwedge on input line 133.
LaTeX Font Info:    Redeclaring math symbol \doublebarwedge on input line 134.
LaTeX Font Info:    Redeclaring math symbol \measuredangle on input line 137.
LaTeX Font Info:    Redeclaring math symbol \sphericalangle on input line 138.
LaTeX Font Info:    Redeclaring math symbol \varpropto on input line 139.
LaTeX Font Info:    Redeclaring math symbol \smallsmile on input line 140.
LaTeX Font Info:    Redeclaring math symbol \smallfrown on input line 141.
LaTeX Font Info:    Redeclaring math symbol \Subset on input line 142.
LaTeX Font Info:    Redeclaring math symbol \Supset on input line 143.
LaTeX Font Info:    Redeclaring math symbol \Cup on input line 144.
LaTeX Font Info:    Redeclaring math symbol \Cap on input line 146.
LaTeX Font Info:    Redeclaring math symbol \curlywedge on input line 148.
LaTeX Font Info:    Redeclaring math symbol \curlyvee on input line 149.
LaTeX Font Info:    Redeclaring math symbol \leftthreetimes on input line 150.
LaTeX Font Info:    Redeclaring math symbol \rightthreetimes on input line 151.

LaTeX Font Info:    Redeclaring math symbol \subseteqq on input line 152.
LaTeX Font Info:    Redeclaring math symbol \supseteqq on input line 153.
LaTeX Font Info:    Redeclaring math symbol \bumpeq on input line 154.
LaTeX Font Info:    Redeclaring math symbol \Bumpeq on input line 155.
LaTeX Font Info:    Redeclaring math symbol \lll on input line 156.
LaTeX Font Info:    Redeclaring math symbol \ggg on input line 158.
LaTeX Font Info:    Redeclaring math symbol \circledS on input line 160.
LaTeX Font Info:    Redeclaring math symbol \pitchfork on input line 161.
LaTeX Font Info:    Redeclaring math symbol \dotplus on input line 162.
LaTeX Font Info:    Redeclaring math symbol \backsim on input line 163.
LaTeX Font Info:    Redeclaring math symbol \backsimeq on input line 164.
LaTeX Font Info:    Redeclaring math symbol \complement on input line 165.
LaTeX Font Info:    Redeclaring math symbol \intercal on input line 166.
LaTeX Font Info:    Redeclaring math symbol \circledcirc on input line 167.
LaTeX Font Info:    Redeclaring math symbol \circledast on input line 168.
LaTeX Font Info:    Redeclaring math symbol \circleddash on input line 169.
LaTeX Font Info:    Redeclaring math symbol \lvertneqq on input line 171.
LaTeX Font Info:    Redeclaring math symbol \gvertneqq on input line 172.
LaTeX Font Info:    Redeclaring math symbol \nleq on input line 173.
LaTeX Font Info:    Redeclaring math symbol \ngeq on input line 174.
LaTeX Font Info:    Redeclaring math symbol \nless on input line 175.
LaTeX Font Info:    Redeclaring math symbol \ngtr on input line 176.
LaTeX Font Info:    Redeclaring math symbol \nprec on input line 177.
LaTeX Font Info:    Redeclaring math symbol \nsucc on input line 178.
LaTeX Font Info:    Redeclaring math symbol \lneqq on input line 179.
LaTeX Font Info:    Redeclaring math symbol \gneqq on input line 180.
LaTeX Font Info:    Redeclaring math symbol \nleqslant on input line 181.
LaTeX Font Info:    Redeclaring math symbol \ngeqslant on input line 182.
LaTeX Font Info:    Redeclaring math symbol \lneq on input line 183.
LaTeX Font Info:    Redeclaring math symbol \gneq on input line 184.
LaTeX Font Info:    Redeclaring math symbol \npreceq on input line 185.
LaTeX Font Info:    Redeclaring math symbol \nsucceq on input line 186.
LaTeX Font Info:    Redeclaring math symbol \precnsim on input line 187.
LaTeX Font Info:    Redeclaring math symbol \succnsim on input line 188.
LaTeX Font Info:    Redeclaring math symbol \lnsim on input line 189.
LaTeX Font Info:    Redeclaring math symbol \gnsim on input line 190.
LaTeX Font Info:    Redeclaring math symbol \nleqq on input line 191.
LaTeX Font Info:    Redeclaring math symbol \ngeqq on input line 192.
LaTeX Font Info:    Redeclaring math symbol \precneqq on input line 193.
LaTeX Font Info:    Redeclaring math symbol \succneqq on input line 194.
LaTeX Font Info:    Redeclaring math symbol \precnapprox on input line 195.
LaTeX Font Info:    Redeclaring math symbol \succnapprox on input line 196.
LaTeX Font Info:    Redeclaring math symbol \lnapprox on input line 197.
LaTeX Font Info:    Redeclaring math symbol \gnapprox on input line 198.
LaTeX Font Info:    Redeclaring math symbol \nsim on input line 199.
LaTeX Font Info:    Redeclaring math symbol \ncong on input line 200.
LaTeX Font Info:    Redeclaring math symbol \diagup on input line 201.
LaTeX Font Info:    Redeclaring math symbol \diagdown on input line 202.
LaTeX Font Info:    Redeclaring math symbol \varsubsetneq on input line 203.
LaTeX Font Info:    Redeclaring math symbol \varsupsetneq on input line 204.
LaTeX Font Info:    Redeclaring math symbol \nsubseteqq on input line 205.
LaTeX Font Info:    Redeclaring math symbol \nsupseteqq on input line 206.
LaTeX Font Info:    Redeclaring math symbol \subsetneqq on input line 207.
LaTeX Font Info:    Redeclaring math symbol \supsetneqq on input line 208.
LaTeX Font Info:    Redeclaring math symbol \varsubsetneqq on input line 209.
LaTeX Font Info:    Redeclaring math symbol \varsupsetneqq on input line 210.
LaTeX Font Info:    Redeclaring math symbol \subsetneq on input line 211.
LaTeX Font Info:    Redeclaring math symbol \supsetneq on input line 212.
LaTeX Font Info:    Redeclaring math symbol \nsubseteq on input line 213.
LaTeX Font Info:    Redeclaring math symbol \nsupseteq on input line 214.
LaTeX Font Info:    Redeclaring math symbol \nparallel on input line 215.
LaTeX Font Info:    Redeclaring math symbol \nmid on input line 216.
LaTeX Font Info:    Redeclaring math symbol \nshortmid on input line 217.
LaTeX Font Info:    Redeclaring math symbol \nshortparallel on input line 218.
LaTeX Font Info:    Redeclaring math symbol \nvdash on input line 219.
LaTeX Font Info:    Redeclaring math symbol \nVdash on input line 220.
LaTeX Font Info:    Redeclaring math symbol \nvDash on input line 221.
LaTeX Font Info:    Redeclaring math symbol \nVDash on input line 222.
LaTeX Font Info:    Redeclaring math symbol \ntrianglerighteq on input line 223
.
LaTeX Font Info:    Redeclaring math symbol \ntrianglelefteq on input line 224.

LaTeX Font Info:    Redeclaring math symbol \ntriangleleft on input line 225.
LaTeX Font Info:    Redeclaring math symbol \ntriangleright on input line 226.
LaTeX Font Info:    Redeclaring math symbol \nleftarrow on input line 227.
LaTeX Font Info:    Redeclaring math symbol \nrightarrow on input line 228.
LaTeX Font Info:    Redeclaring math symbol \nLeftarrow on input line 229.
LaTeX Font Info:    Redeclaring math symbol \nRightarrow on input line 230.
LaTeX Font Info:    Redeclaring math symbol \nLeftrightarrow on input line 231.

LaTeX Font Info:    Redeclaring math symbol \nleftrightarrow on input line 232.

LaTeX Font Info:    Redeclaring math symbol \divideontimes on input line 233.
LaTeX Font Info:    Redeclaring math symbol \varnothing on input line 234.
LaTeX Font Info:    Redeclaring math symbol \nexists on input line 235.
LaTeX Font Info:    Redeclaring math symbol \Finv on input line 236.
LaTeX Font Info:    Redeclaring math symbol \Game on input line 237.
LaTeX Font Info:    Redeclaring math symbol \eth on input line 240.
LaTeX Font Info:    Redeclaring math symbol \eqsim on input line 241.
LaTeX Font Info:    Redeclaring math symbol \beth on input line 242.
LaTeX Font Info:    Redeclaring math symbol \gimel on input line 243.
LaTeX Font Info:    Redeclaring math symbol \daleth on input line 244.
LaTeX Font Info:    Redeclaring math symbol \lessdot on input line 245.
LaTeX Font Info:    Redeclaring math symbol \gtrdot on input line 246.
LaTeX Font Info:    Redeclaring math symbol \ltimes on input line 247.
LaTeX Font Info:    Redeclaring math symbol \rtimes on input line 248.
LaTeX Font Info:    Redeclaring math symbol \shortmid on input line 249.
LaTeX Font Info:    Redeclaring math symbol \shortparallel on input line 250.
LaTeX Font Info:    Redeclaring math symbol \smallsetminus on input line 251.
LaTeX Font Info:    Redeclaring math symbol \thicksim on input line 252.
LaTeX Font Info:    Redeclaring math symbol \thickapprox on input line 253.
LaTeX Font Info:    Redeclaring math symbol \approxeq on input line 254.
LaTeX Font Info:    Redeclaring math symbol \succapprox on input line 255.
LaTeX Font Info:    Redeclaring math symbol \precapprox on input line 256.
LaTeX Font Info:    Redeclaring math symbol \curvearrowleft on input line 257.
LaTeX Font Info:    Redeclaring math symbol \curvearrowright on input line 258.

LaTeX Font Info:    Redeclaring math symbol \digamma on input line 259.
LaTeX Font Info:    Redeclaring math symbol \varkappa on input line 260.
LaTeX Font Info:    Redeclaring math symbol \Bbbk on input line 261.
LaTeX Font Info:    Redeclaring math symbol \hslash on input line 262.
LaTeX Font Info:    Redeclaring math symbol \backepsilon on input line 265.
)
(/data/data/com.termux/files/usr/share/texlive/2025/texmf-dist/tex/latex/algori
thms/algorithmic.sty
Package: algorithmic 2009/08/24 v0.1 Document Style `algorithmic'
\c@ALC@unique=\count419
\c@ALC@line=\count420
\c@ALC@rem=\count421
\c@ALC@depth=\count422
\ALC@tlm=\skip83
\algorithmicindent=\skip84
)
(/data/data/com.termux/files/usr/share/texlive/2025/texmf-dist/tex/latex/base/t
extcomp.sty
Package: textcomp 2024/04/24 v2.1b Standard LaTeX package
)
(/data/data/com.termux/files/usr/share/texlive/2025/texmf-dist/tex/latex/commen
t/comment.sty
\CommentStream=\write5
 Excluding comment 'comment')

! LaTeX Error: Option clash for package inputenc.

See the LaTeX manual or LaTeX Companion for explanation.
Type  H <return>  for immediate help.
 ...                                              
                                                  
l.41 \graphicspath
                  {{figs/}}
The package inputenc has already been loaded with options:
  [utf8]
There has now been an attempt to load it with options
  [latin1]
Adding the global options:
  utf8,latin1
to your \documentclass declaration may fix this.
Try typing  <return>  to proceed.


(/data/data/com.termux/files/usr/share/texlive/2025/texmf-dist/tex/latex/base/f
ontenc.sty
Package: fontenc 2024/12/21 v2.1c Standard LaTeX package
LaTeX Font Info:    Trying to load font information for T1+txr on input line 11
6.

(/data/data/com.termux/files/usr/share/texlive/2025/texmf-dist/tex/latex/txfont
s/t1txr.fd
File: t1txr.fd 2000/12/15 v3.1
))
Package translations Info: No language package found. I am going to use `englis
h' as default language. on input line 55.

No file main.aux.
\openout1 = `main.aux'.

LaTeX Font Info:    Checking defaults for OML/txmi/m/it on input line 55.
LaTeX Font Info:    Trying to load font information for OML+txmi on input line 
55.

(/data/data/com.termux/files/usr/share/texlive/2025/texmf-dist/tex/latex/txfont
s/omltxmi.fd
File: omltxmi.fd 2000/12/15 v3.1
)
LaTeX Font Info:    ... okay on input line 55.
LaTeX Font Info:    Checking defaults for OMS/txsy/m/n on input line 55.
LaTeX Font Info:    Trying to load font information for OMS+txsy on input line 
55.

(/data/data/com.termux/files/usr/share/texlive/2025/texmf-dist/tex/latex/txfont
s/omstxsy.fd
File: omstxsy.fd 2000/12/15 v3.1
)
LaTeX Font Info:    ... okay on input line 55.
LaTeX Font Info:    Checking defaults for OT1/cmr/m/n on input line 55.
LaTeX Font Info:    ... okay on input line 55.
LaTeX Font Info:    Checking defaults for T1/cmr/m/n on input line 55.
LaTeX Font Info:    ... okay on input line 55.
LaTeX Font Info:    Checking defaults for TS1/cmr/m/n on input line 55.
LaTeX Font Info:    ... okay on input line 55.
LaTeX Font Info:    Checking defaults for OMX/txex/m/n on input line 55.
LaTeX Font Info:    Trying to load font information for OMX+txex on input line 
55.

(/data/data/com.termux/files/usr/share/texlive/2025/texmf-dist/tex/latex/txfont
s/omxtxex.fd
File: omxtxex.fd 2000/12/15 v3.1
)
LaTeX Font Info:    ... okay on input line 55.
LaTeX Font Info:    Checking defaults for U/txexa/m/n on input line 55.
LaTeX Font Info:    Trying to load font information for U+txexa on input line 5
5.

(/data/data/com.termux/files/usr/share/texlive/2025/texmf-dist/tex/latex/txfont
s/utxexa.fd
File: utxexa.fd 2000/12/15 v3.1
)
LaTeX Font Info:    ... okay on input line 55.
LaTeX Font Info:    Checking defaults for PD1/pdf/m/n on input line 55.
LaTeX Font Info:    ... okay on input line 55.
LaTeX Font Info:    Checking defaults for PU/pdf/m/n on input line 55.
LaTeX Font Info:    ... okay on input line 55.
LaTeX Font Info:    Font shape `T1/txr/b/n' in size <5> not available
(Font)              Font shape `T1/txr/bx/n' tried instead on input line 55.
LaTeX Font Info:    Font shape `T1/txr/b/it' in size <5> not available
(Font)              Font shape `T1/txr/bx/it' tried instead on input line 55.
LaTeX Font Info:    Font shape `T1/txr/b/n' in size <7> not available
(Font)              Font shape `T1/txr/bx/n' tried instead on input line 55.
LaTeX Font Info:    Font shape `T1/txr/b/it' in size <7> not available
(Font)              Font shape `T1/txr/bx/it' tried instead on input line 55.
LaTeX Font Info:    Font shape `T1/txr/b/n' in size <8> not available
(Font)              Font shape `T1/txr/bx/n' tried instead on input line 55.
LaTeX Font Info:    Font shape `T1/txr/b/it' in size <8> not available
(Font)              Font shape `T1/txr/bx/it' tried instead on input line 55.
LaTeX Font Info:    Font shape `T1/txr/b/n' in size <9> not available
(Font)              Font shape `T1/txr/bx/n' tried instead on input line 55.
LaTeX Font Info:    Font shape `T1/txr/b/it' in size <9> not available
(Font)              Font shape `T1/txr/bx/it' tried instead on input line 55.
LaTeX Font Info:    Font shape `T1/txr/b/n' in size <10> not available
(Font)              Font shape `T1/txr/bx/n' tried instead on input line 55.
LaTeX Font Info:    Font shape `T1/txr/b/it' in size <10> not available
(Font)              Font shape `T1/txr/bx/it' tried instead on input line 55.
LaTeX Font Info:    Font shape `T1/txr/b/n' in size <11> not available
(Font)              Font shape `T1/txr/bx/n' tried instead on input line 55.
LaTeX Font Info:    Font shape `T1/txr/b/it' in size <11> not available
(Font)              Font shape `T1/txr/bx/it' tried instead on input line 55.
LaTeX Font Info:    Font shape `T1/txr/b/n' in size <12> not available
(Font)              Font shape `T1/txr/bx/n' tried instead on input line 55.
LaTeX Font Info:    Font shape `T1/txr/b/it' in size <12> not available
(Font)              Font shape `T1/txr/bx/it' tried instead on input line 55.
LaTeX Font Info:    Font shape `T1/txr/b/n' in size <17> not available
(Font)              Font shape `T1/txr/bx/n' tried instead on input line 55.
LaTeX Font Info:    Font shape `T1/txr/b/it' in size <17> not available
(Font)              Font shape `T1/txr/bx/it' tried instead on input line 55.
LaTeX Font Info:    Font shape `T1/txr/b/n' in size <20> not available
(Font)              Font shape `T1/txr/bx/n' tried instead on input line 55.
LaTeX Font Info:    Font shape `T1/txr/b/it' in size <20> not available
(Font)              Font shape `T1/txr/bx/it' tried instead on input line 55.
LaTeX Font Info:    Font shape `T1/txr/b/n' in size <24> not available
(Font)              Font shape `T1/txr/bx/n' tried instead on input line 55.
LaTeX Font Info:    Font shape `T1/txr/b/it' in size <24> not available
(Font)              Font shape `T1/txr/bx/it' tried instead on input line 55.

-- Lines per column: 45 (approximate, difference = 0.60239pt).
*geometry* driver: auto-detecting
*geometry* detected driver: pdftex
*geometry* verbose mode - [ preamble ] result:
* driver: pdftex
* paper: a5paper
* layout: <same size as paper>
* layoutoffset:(h,v)=(0.0pt,0.0pt)
* modes: 
* h-part:(L,W,R)=(28.45274pt, 364.1953pt, 28.45274pt)
* v-part:(T,H,B)=(28.45274pt, 540.60239pt, 28.45274pt)
* \paperwidth=421.10078pt
* \paperheight=597.50787pt
* \textwidth=364.1953pt
* \textheight=540.60239pt
* \oddsidemargin=-43.81725pt
* \evensidemargin=-43.81725pt
* \topmargin=-77.15924pt
* \headheight=28.45274pt
* \headsep=0.0pt
* \topskip=12.0pt
* \footskip=25.80774pt
* \marginparwidth=20.0pt
* \marginparsep=10.0pt
* \columnsep=12.0pt
* \skip\footins=10.79993pt plus 4.79993pt minus 2.39996pt
* \hoffset=0.0pt
* \voffset=0.0pt
* \mag=1000
* \@twocolumnfalse
* \@twosidefalse
* \@mparswitchfalse
* \@reversemarginfalse
* (1in=72.27pt=25.4mm, 1cm=28.453pt)


(/data/data/com.termux/files/usr/share/texlive/2025/texmf-dist/tex/latex/transl
ations/translations-basic-dictionary-english.trsl
File: translations-basic-dictionary-english.trsl (english translation file `tra
nslations-basic-dictionary')
)
Package translations Info: loading dictionary `translations-basic-dictionary' f
or `english'. on input line 55.
\symgns@font=\mathgroup15
LaTeX Font Info:    Overwriting symbol font `gns@font' in version `bold'
(Font)                  TS1/txr/m/n --> TS1/txr/b/n on input line 55.
Package gensymb Info: Math companion symbols declared on input line 55.
LaTeX Info: Redefining \degree on input line 55.
LaTeX Info: Redefining \celsius on input line 55.
Package gensymb Info: Using text companion symbols for \degree, \celsius and \p
erthousand on input line 55.
LaTeX Info: Redefining \ohm on input line 55.
Package gensymb Info: Using \textohm for \ohm on input line 55.
LaTeX Info: Redefining \micro on input line 55.
Package gensymb Info: Using \textmu for \micro on input line 55.
LaTeX Encoding Info:    Redeclaring text command \k (encoding T1) on input line
 55.

(/data/data/com.termux/files/usr/share/texlive/2025/texmf-dist/tex/context/base
/mkii/supp-pdf.mkii
[Loading MPS to PDF converter (version 2006.09.02).]
\scratchcounter=\count423
\scratchdimen=\dimen413
\scratchbox=\box142
\nofMPsegments=\count424
\nofMParguments=\count425
\everyMPshowfont=\toks56
\MPscratchCnt=\count426
\MPscratchDim=\dimen414
\MPnumerator=\count427
\makeMPintoPDFobject=\count428
\everyMPtoPDFconversion=\toks57
)
(/data/data/com.termux/files/usr/share/texlive/2025/texmf-dist/tex/latex/epstop
df-pkg/epstopdf-base.sty
Package: epstopdf-base 2020-01-24 v2.11 Base part for package epstopdf

(/data/data/com.termux/files/usr/share/texlive/2025/texmf-dist/tex/latex/grfext
/grfext.sty
Package: grfext 2019/12/03 v1.3 Manage graphics extensions (HO)
)
Package epstopdf-base Info: Redefining graphics rule for `.eps' on input line 4
85.
Package grfext Info: Graphics extension search list:
(grfext)             [.pdf,.png,.jpg,.mps,.jpeg,.jbig2,.jb2,.PDF,.PNG,.JPG,.JPE
G,.JBIG2,.JB2,.eps]
(grfext)             \AppendGraphicsExtensions on input line 504.

(/data/data/com.termux/files/usr/share/texlive/2025/texmf-dist/tex/latex/latexc
onfig/epstopdf-sys.cfg
File: epstopdf-sys.cfg 2010/07/13 v1.3 Configuration of (r)epstopdf for TeX Liv
e
))
Package caption Info: Begin \AtBeginDocument code.
Package caption Info: subfig package v1.3 is loaded.
Package caption Info: hyperref package is loaded.
Package caption Info: listings package is loaded.
Package caption Info: longtable package is loaded.

(/data/data/com.termux/files/usr/share/texlive/2025/texmf-dist/tex/latex/captio
n/ltcaption.sty
Package: ltcaption 2021/01/08 v1.4c longtable captions (AR)
)
Package caption Info: End \AtBeginDocument code.
Package hyperref Info: Link coloring OFF on input line 55.
\@outlinefile=\write6
\openout6 = `main.out'.

\c@lstlisting=\count429
LaTeX Font Info:    Trying to load font information for OT1+txr on input line 6
3.

(/data/data/com.termux/files/usr/share/texlive/2025/texmf-dist/tex/latex/txfont
s/ot1txr.fd
File: ot1txr.fd 2000/12/15 v3.1
)
LaTeX Font Info:    Trying to load font information for U+rsfs on input line 63
.

(/data/data/com.termux/files/usr/share/texlive/2025/texmf-dist/tex/latex/jknapl
tx/ursfs.fd
File: ursfs.fd 1998/03/24 rsfs font definition file (jk)
)
LaTeX Font Info:    Trying to load font information for U+txmia on input line 6
3.

(/data/data/com.termux/files/usr/share/texlive/2025/texmf-dist/tex/latex/txfont
s/utxmia.fd
File: utxmia.fd 2000/12/15 v3.1
)
LaTeX Font Info:    Trying to load font information for U+msa on input line 63.


(/data/data/com.termux/files/usr/share/texlive/2025/texmf-dist/tex/latex/amsfon
ts/umsa.fd
File: umsa.fd 2013/01/14 v3.01 AMS symbols A
)
LaTeX Font Info:    Trying to load font information for U+msb on input line 63.


(/data/data/com.termux/files/usr/share/texlive/2025/texmf-dist/tex/latex/amsfon
ts/umsb.fd
File: umsb.fd 2013/01/14 v3.01 AMS symbols B
)
LaTeX Font Info:    Trying to load font information for U+txsyc on input line 6
3.

(/data/data/com.termux/files/usr/share/texlive/2025/texmf-dist/tex/latex/txfont
s/utxsyc.fd
File: utxsyc.fd 2000/12/15 v3.1
)
LaTeX Font Info:    Trying to load font information for TS1+txr on input line 6
3.

(/data/data/com.termux/files/usr/share/texlive/2025/texmf-dist/tex/latex/txfont
s/ts1txr.fd
File: ts1txr.fd 2000/12/15 v3.1
)

LaTeX Warning: Command \textquoteright invalid in math mode on input line 81.


Underfull \hbox (badness 10000) in paragraph at lines 82--84

 []

LaTeX Font Info:    Trying to load font information for T1+txtt on input line 8
4.

(/data/data/com.termux/files/usr/share/texlive/2025/texmf-dist/tex/latex/txfont
s/t1txtt.fd
File: t1txtt.fd 2000/12/15 v3.1
)
LaTeX Font Info:    Font shape `T1/txtt/b/n' in size <10> not available
(Font)              Font shape `T1/txtt/bx/n' tried instead on input line 85.


[1{/data/data/com.termux/files/usr/share/texlive/2025/texmf-var/fonts/map/pdfte
x/updmap/pdftex.map}{/data/data/com.termux/files/usr/share/texlive/2025/texmf-d
ist/fonts/enc/dvips/base/8r.enc}

]
Underfull \vbox (badness 10000) has occurred while \output is active []



[2]
<figs/train.jpg, id=62, 963.6pt x 574.39594pt>
File: figs/train.jpg Graphic file (type jpg)
<use figs/train.jpg>
Package pdftex.def Info: figs/train.jpg  used on input line 166.
(pdftex.def)             Requested size: 364.1953pt x 217.0895pt.
<figs/valid.jpg, id=63, 963.6pt x 574.39594pt>
File: figs/valid.jpg Graphic file (type jpg)
<use figs/valid.jpg>
Package pdftex.def Info: figs/valid.jpg  used on input line 179.
(pdftex.def)             Requested size: 364.1953pt x 217.0895pt.

Underfull \vbox (badness 4913) has occurred while \output is active []



[3 <./figs/train.jpg>]

! LaTeX Error: Unicode character  (U+2248)
               not set up for use with LaTeX.

See the LaTeX manual or LaTeX Companion for explanation.
Type  H <return>  for immediate help.
 ...                                              
                                                  
l.194 Across the calibrated span (
                                      room to \(\sim 80\,^{\circ}\mathrm{C}\...

You may provide a definition with
\DeclareUnicodeCharacter 



[4 <./figs/valid.jpg>] (./main.aux)
 ***********
LaTeX2e <2025-06-01> patch level 1
L3 programming layer <2020/03/25>
 ***********


LaTeX Warning: Label(s) may have changed. Rerun to get cross-references right.


Package rerunfilecheck Warning: File `main.out' has changed.
(rerunfilecheck)                Rerun to get outlines right
(rerunfilecheck)                or use package `bookmark'.

Package rerunfilecheck Info: Checksums for `main.out':
(rerunfilecheck)             Before: <no file>
(rerunfilecheck)             After:  ECE5C54715F8572D17B2536610205905;1000.
 ) 
Here is how much of TeX's memory you used:
 55475 strings out of 467800
 1337064 string characters out of 5417814
 1920681 words of memory out of 5000000
 83253 multiletter control sequences out of 15000+600000
 746628 words of font info for 188 fonts, out of 8000000 for 9000
 1144 hyphenation exceptions out of 8191
 109i,9n,107p,1194b,1357s stack positions out of 10000i,1000n,20000p,200000b,200000s
</data/data/com.termux/files/usr/share/texlive/2025/texmf-dist/fonts/type1/pu
blic/txfonts/rtxmi.pfb></data/data/com.termux/files/usr/share/texlive/2025/texm
f-dist/fonts/type1/public/txfonts/rtxr.pfb></data/data/com.termux/files/usr/sha
re/texlive/2025/texmf-dist/fonts/type1/public/txfonts/rtxsc.pfb></data/data/com
.termux/files/usr/share/texlive/2025/texmf-dist/fonts/type1/public/txfonts/t1xb
tt.pfb></data/data/com.termux/files/usr/share/texlive/2025/texmf-dist/fonts/typ
e1/public/txfonts/t1xtt.pfb></data/data/com.termux/files/usr/share/texlive/2025
/texmf-dist/fonts/type1/public/txfonts/txex.pfb></data/data/com.termux/files/us
r/share/texlive/2025/texmf-dist/fonts/type1/public/txfonts/txsy.pfb></data/data
/com.termux/files/usr/share/texlive/2025/texmf-dist/fonts/type1/urw/times/utmb8
a.pfb></data/data/com.termux/files/usr/share/texlive/2025/texmf-dist/fonts/type
1/urw/times/utmr8a.pfb></data/data/com.termux/files/usr/share/texlive/2025/texm
f-dist/fonts/type1/urw/times/utmri8a.pfb>
Output written on main.pdf (4 pages, 268959 bytes).
PDF statistics:
 131 PDF objects out of 1000 (max. 8388607)
 86 compressed objects within 1 object stream
 26 named destinations out of 1000 (max. 500000)
 119 words of extra memory for PDF output out of 10000 (max. 10000000)

